.5 -0.000730268
.51 -0.000294896
.52 -0.000340002
.53 0.000128651
.54 0.000105303
.55 0.000584192
.56 0.000559554
.57 2.56288e-05
.58 -2.33459e-05
.59 0.000406868
.60 0.000310509
.61 -0.000318186
.62 0.000515022
.63 -0.000195628
.64 0.0005441
.65 -0.000271555
.66 0.000351646
.67 0.000407941
.68 -0.000108434
.69 -0.000203239
.70 0.000117764
.71 -0.000151187
.72 -1.58542e-05
.73 -0.000482
.74 -0.000555385
.75 -0.000241772
.76 -0.000546923
.77 -0.0004766
.78 -3.65637e-05
.79 -0.000232577
.80 -7.04021e-05
.81 -0.0005558
.82 0.000305467
.83 -0.000492364
.84 4.49471e-05
.85 -8.8363e-05
.86 0.000101944
.87 0.000610107
.88 0.000430363
.89 0.00055695
.90 -1.58926e-05
.91 0.000706072
.92 -0.000282917
.93 1.13777e-05
.94 0.000583194
.95 0.000426771
.96 0.000536346
.97 -9.38421e-05
.98 -0.000469556
.99 -0.000596558
1.00 -0.000480609
