.5 -0.00637693
.51 -0.00458636
.52 -0.00341455
.53 -0.00186151
.54 -0.000927229
.55 0.000388287
.56 0.00108504
.57 0.00116303
.58 0.00162225
.59 0.00246271
.60 0.00268441
.61 0.00228735
.62 0.00327152
.63 0.00263692
.64 0.00338357
.65 0.00251144
.66 0.00302056
.67 0.00291091
.68 0.0021825
.69 0.00183532
.70 0.00186938
.71 0.00128468
.72 0.00108121
.73 0.000258981
.74 -0.000182014
.75 -0.000241772
.76 -0.000920294
.77 -0.00121758
.78 -0.00113363
.79 -0.00166844
.80 -0.00182202
.81 -0.00259436
.82 -0.00198547
.83 -0.00299533
.84 -0.00262397
.85 -0.00287136
.86 -0.00273752
.87 -0.00222244
.88 -0.00232613
.89 -0.00204858
.90 -0.0023898
.91 -0.00134977
.92 -0.00192852
.93 -0.00112602
.94 5.77091e-05
.95 0.000622676
.96 0.00156888
.97 0.00189632
.98 0.00260499
.99 0.00369491
1.00 0.00516605
