
               iterative diagonalization information

     size of matrix                      =        8
     size of guess matrix                =       3
     size of initial vectors             =       1
     maximum number of davidson vectors  =       8
     max. number of iterations           =       5
     overlap tolerance                   =  0.10000000E-09
     convergence criterion               =  0.10000000E-06
************************************************************************

          Time to Input Basic Data               =      0.00390625
************************************************************************

input matrix                                                                    

 col          1                   2                   3                   4                   5
      0.100000000000E+01  0.500000000000E+00  0.200000000000E+00  0.200000000000E+00  0.200000000000E+00
      0.500000000000E+00  0.100000000000E+01  0.300000000000E+00  0.500000000000E+00  0.200000000000E+00
      0.200000000000E+00  0.300000000000E+00  0.100000000000E+01  0.500000000000E+00  0.500000000000E+00
      0.200000000000E+00  0.500000000000E+00  0.500000000000E+00  0.200000000000E+01  0.800000000000E+00
      0.200000000000E+00  0.200000000000E+00  0.500000000000E+00  0.800000000000E+00  0.300000000000E+01
      0.200000000000E+00  0.800000000000E+00  0.600000000000E+00  0.200000000000E+00  0.100000000000E+01
      0.400000000000E+00  0.600000000000E+00  0.200000000000E+00  0.100000000000E+00  0.600000000000E+00
      0.400000000000E+00  0.600000000000E+00  0.200000000000E+00  0.100000000000E+00  0.600000000000E+00
 col          6                   7                   8
      0.200000000000E+00  0.400000000000E+00  0.400000000000E+00
      0.800000000000E+00  0.600000000000E+00  0.600000000000E+00
      0.600000000000E+00  0.200000000000E+00  0.200000000000E+00
      0.200000000000E+00  0.100000000000E+00  0.100000000000E+00
      0.100000000000E+01  0.600000000000E+00  0.600000000000E+00
      0.000000000000E+00  0.300000000000E+00  0.300000000000E+00
      0.300000000000E+00  0.100000000000E+01  0.100000000000E+00
      0.300000000000E+00  0.100000000000E+00  0.500000000000E+01

input rhs                                                                       

 col          1
      0.100000000000E+01
      0.000000000000E+00
      0.100000000000E+01
      0.100000000000E+01
      0.100000000000E+01
      0.100000000000E+01
      0.000000000000E+00
      0.100000000000E+01

     Packing the Matrix

     Number Non Zero Elements =    28
     I =     2  J =     1  Element =  0.50000000E+00
     I =     3  J =     1  Element =  0.20000000E+00
     I =     3  J =     2  Element =  0.30000000E+00
     I =     4  J =     1  Element =  0.20000000E+00
     I =     4  J =     2  Element =  0.50000000E+00
     I =     4  J =     3  Element =  0.50000000E+00
     I =     5  J =     1  Element =  0.20000000E+00
     I =     5  J =     2  Element =  0.20000000E+00
     I =     5  J =     3  Element =  0.50000000E+00
     I =     5  J =     4  Element =  0.80000000E+00
     I =     6  J =     1  Element =  0.20000000E+00
     I =     6  J =     2  Element =  0.80000000E+00
     I =     6  J =     3  Element =  0.60000000E+00
     I =     6  J =     4  Element =  0.20000000E+00
     I =     6  J =     5  Element =  0.10000000E+01
     I =     7  J =     1  Element =  0.40000000E+00
     I =     7  J =     2  Element =  0.60000000E+00
     I =     7  J =     3  Element =  0.20000000E+00
     I =     7  J =     4  Element =  0.10000000E+00
     I =     7  J =     5  Element =  0.60000000E+00
     I =     7  J =     6  Element =  0.30000000E+00
     I =     8  J =     1  Element =  0.40000000E+00
     I =     8  J =     2  Element =  0.60000000E+00
     I =     8  J =     3  Element =  0.20000000E+00
     I =     8  J =     4  Element =  0.10000000E+00
     I =     8  J =     5  Element =  0.60000000E+00
     I =     8  J =     6  Element =  0.30000000E+00
     I =     8  J =     7  Element =  0.10000000E+00

     Diagonal
 0.10000000E+01 0.10000000E+01 0.10000000E+01 0.20000000E+01 0.30000000E+01
 0.00000000E+00 0.10000000E+01 0.50000000E+01
************************************************************************

          Time to Input the Matrices             =      0.00390625
************************************************************************

              Results from Guess Matrix =     3
Guess Matrix                                                                    

     Row =    1
                  0.00000

     Row =    2
                  0.20000   1.00000

     Row =    3
                  0.80000   0.50000   1.00000

Guess Solution                                                                  

 col          1
      0.846153846154E+00
      0.103846153846E+01
      0.000000000000E+00
      0.000000000000E+00
      0.000000000000E+00
     -0.182692307692E+01
      0.000000000000E+00
      0.000000000000E+00
************************************************************************

          Allocating Main Computational Arrays
************************************************************************

          Starting the Main Calculation
************************************************************************

                    Beginning Davidson Iterations At Zero
************************************************************************

                    Davidson Iteration =    0

Vector iteration = 0                                                            

 col          1
      0.373512277947E+00
      0.458401432026E+00
      0.000000000000E+00
      0.000000000000E+00
      0.000000000000E+00
     -0.806446963749E+00
      0.000000000000E+00
      0.000000000000E+00

H_on_Vector iteration = 0                                                       

 col          1
      0.441423601210E+00
      0.555111512313E-16
     -0.271645293052E+00
      0.142613778852E+00
     -0.640064221754E+00
      0.441423601210E+00
      0.182511681269E+00
      0.182511681269E+00
Small Matrix iteration = 0                                                      

     Row =    0
                 -0.19111

Small RHS iteration = 0                                                         

 col          1
     -0.432934685802E+00

Small Matrix Solution iteration = 0                                             

 col          1
      0.226539767529E+01

residual                                                                        

 col          1
     -0.444089209850E-15
     -0.125754832952E-15
      0.161538461538E+01
      0.676923076923E+00
      0.245000000000E+01
      0.000000000000E+00
     -0.413461538462E+00
      0.586538461538E+00

basis                                                                           

 col          1                   2
      0.373512277947E+00  0.152034796435E+00
      0.458401432026E+00  0.186588159261E+00
      0.000000000000E+00  0.815339055441E+00
      0.000000000000E+00  0.170832944950E+00
      0.000000000000E+00  0.412199189140E+00
     -0.806446963749E+00  0.176476754139E+00
      0.000000000000E+00 -0.208687972524E+00
      0.000000000000E+00  0.592091456928E-01

          RMS Error       =  0.30959926E+01
          Status          = unconverged     

                    Davidson Iteration =    1

Vector iteration = 1                                                            

 col          1
      0.152034796435E+00
      0.186588159261E+00
      0.815339055441E+00
      0.170832944950E+00
      0.412199189140E+00
      0.176476754139E+00
     -0.208687972524E+00
      0.592091456928E-01

H_on_Vector iteration = 1                                                       

 col          1
      0.500506934067E+00
      0.726557691626E+00
      0.126922881667E+01
      0.122314327599E+01
      0.193544750028E+01
      0.107040305004E+01
      0.450413401485E+00
      0.928357390651E+00
Small Matrix iteration = 1                                                      

     Row =    0
                 -0.19111

     Row =    1
                 -0.34322   2.40313

Small RHS iteration = 1                                                         

 col          1
     -0.432934685802E+00
      0.178609188580E+01

Small Matrix Solution iteration = 1                                             

 col          1
      0.740602483065E+00
      0.849011198744E+00

residual                                                                        

 col          1
      0.248144592788E+00
     -0.616855616724E+00
      0.123591699428E+00
     -0.144082457724E+00
     -0.169183450365E+00
     -0.235703591794E+00
     -0.517574626262E+00
      0.766455745644E-01

basis                                                                           

 col          1                   2                   3
      0.373512277947E+00  0.152034796435E+00  0.709196394123E+00
      0.458401432026E+00  0.186588159261E+00 -0.258562525091E+00
      0.000000000000E+00  0.815339055441E+00 -0.121535287585E+00
      0.000000000000E+00  0.170832944950E+00 -0.145461246838E+00
      0.000000000000E+00  0.412199189140E+00 -0.207096646957E+00
     -0.806446963749E+00  0.176476754139E+00  0.181497526174E+00
      0.000000000000E+00 -0.208687972524E+00 -0.564291271244E+00
      0.000000000000E+00  0.592091456928E-01 -0.104054380607E-02

          RMS Error       =  0.91436235E+00
          Status          = unconverged     

                    Davidson Iteration =    2

Vector iteration = 2                                                            

 col          1
      0.709196394123E+00
     -0.258562525091E+00
     -0.121535287585E+00
     -0.145461246838E+00
     -0.207096646957E+00
      0.181497526174E+00
     -0.564291271244E+00
     -0.104054380607E-02

H_on_Vector iteration = 2                                                       

 col          1
      0.295263274517E+00
     -0.248575935206E+00
     -0.237711560490E+00
     -0.525043115024E+00
     -0.866001371183E+00
     -0.543720354638E+00
     -0.544516195552E+00
     -0.417527160826E-01
Small Matrix iteration = 2                                                      

     Row =    0
                 -0.19111

     Row =    1
                 -0.34322   2.40313

     Row =    2
                  0.43482  -0.62676   0.76691

Small RHS iteration = 2                                                         

 col          1
     -0.432934685802E+00
      0.178609188580E+01
      0.415560195112E+00

Small Matrix Solution iteration = 2                                             

 col          1
      0.155851505502E+01
      0.111417290142E+01
      0.568786301332E+00

residual                                                                        

 col          1
     -0.413558296868E+00
     -0.668124304541E+00
      0.144430004892E+00
     -0.286421482624E+00
      0.333696285720E+00
     -0.571318710604E+00
     -0.476572256462E+00
     -0.295049477519E+00

basis                                                                           

 col          1                   2                   3                   4
      0.373512277947E+00  0.152034796435E+00  0.709196394123E+00 -0.502337072350E+00
      0.458401432026E+00  0.186588159261E+00 -0.258562525091E+00 -0.126290036874E+00
      0.000000000000E+00  0.815339055441E+00 -0.121535287585E+00 -0.140177979463E-02
      0.000000000000E+00  0.170832944950E+00 -0.145461246838E+00 -0.352565198039E+00
      0.000000000000E+00  0.412199189140E+00 -0.207096646957E+00  0.214903779039E+00
     -0.806446963749E+00  0.176476754139E+00  0.181497526174E+00 -0.304447296575E+00
      0.000000000000E+00 -0.208687972524E+00 -0.564291271244E+00 -0.658729915145E+00
      0.000000000000E+00  0.592091456928E-01 -0.104054380607E-02 -0.186030150058E+00

          RMS Error       =  0.12133637E+01
          Status          = unconverged     

                    Davidson Iteration =    3

Vector iteration = 3                                                            

 col          1
     -0.502337072350E+00
     -0.126290036874E+00
     -0.140177979463E-02
     -0.352565198039E+00
      0.214903779039E+00
     -0.304447296575E+00
     -0.658729915145E+00
     -0.186030150058E+00

H_on_Vector iteration = 3                                                       

 col          1
     -0.992088215942E+00
     -0.126159482658E+01
     -0.560207305812E+00
     -0.842886161486E+00
     -0.575070468752E+00
     -0.311377791976E+00
     -0.951970578527E+00
     -0.127066139018E+01
Small Matrix iteration = 3                                                      

     Row =    0
                 -0.19111

     Row =    1
                 -0.34322   2.40313

     Row =    2
                  0.43482  -0.62676   0.76691

     Row =    3
                 -0.69776  -1.15555   0.41440   1.79033

Small RHS iteration = 3                                                         

 col          1
     -0.432934685802E+00
      0.178609188580E+01
      0.415560195112E+00
     -0.113187771778E+01

Small Matrix Solution iteration = 3                                             

 col          1
      0.887018678040E+00
      0.125538754247E+01
      0.893675188885E+00
      0.316908842679E+00

residual                                                                        

 col          1
      0.306509165763E-01
     -0.290154772685E+00
      0.375519764147E-01
      0.743161660109E-01
      0.941810945612E-01
     -0.150733867323E+00
      0.609738647840E-01
      0.112657623601E+00

basis                                                                           

 col          1                   2                   3                   4                   5
      0.373512277947E+00  0.152034796435E+00  0.709196394123E+00 -0.502337072350E+00  0.113668000408E+00
      0.458401432026E+00  0.186588159261E+00 -0.258562525091E+00 -0.126290036874E+00  0.595128468704E+00
      0.000000000000E+00  0.815339055441E+00 -0.121535287585E+00 -0.140177979463E-02 -0.345518022443E+00
      0.000000000000E+00  0.170832944950E+00 -0.145461246838E+00 -0.352565198039E+00 -0.372852189777E+00
      0.000000000000E+00  0.412199189140E+00 -0.207096646957E+00  0.214903779039E+00  0.403526410143E+00
     -0.806446963749E+00  0.176476754139E+00  0.181497526174E+00 -0.304447296575E+00  0.390929782400E+00
      0.000000000000E+00 -0.208687972524E+00 -0.564291271244E+00 -0.658729915145E+00  0.187822552142E-01
      0.000000000000E+00  0.592091456928E-01 -0.104054380607E-02 -0.186030150058E+00 -0.241842511989E+00

          RMS Error       =  0.37424944E+00
          Status          = unconverged     

                    Davidson Iteration =    4

Vector iteration = 4                                                            

 col          1
      0.113668000408E+00
      0.595128468704E+00
     -0.345518022443E+00
     -0.372852189777E+00
      0.403526410143E+00
      0.390929782400E+00
      0.187822552142E-01
     -0.241842511989E+00

H_on_Vector iteration = 4                                                       

 col          1
      0.337225328115E+00
      0.621493921171E+00
      0.610370465177E-01
     -0.219464497426E+00
      0.113839138954E+01
      0.553563456734E+00
      0.650148242741E+00
     -0.551784095696E+00
Small Matrix iteration = 4                                                      

     Row =    0
                 -0.19111

     Row =    1
                 -0.34322   2.40313

     Row =    2
                  0.43482  -0.62676   0.76691

     Row =    3
                 -0.69776  -1.15555   0.41440   1.79033

     Row =    4
                 -0.03557   0.57809  -0.39862  -0.42011   1.29037

Small RHS iteration = 4                                                         

 col          1
     -0.432934685802E+00
      0.178609188580E+01
      0.415560195112E+00
     -0.113187771778E+01
     -0.520885312579E-01

Small Matrix Solution iteration = 4                                             

 col          1
      0.862421533437E+00
      0.127165227940E+01
      0.814730308004E+00
      0.278878734022E+00
     -0.243824606498E+00

residual                                                                        

 col          1
      0.101172197427E+00
     -0.218038917564E+00
     -0.149619166325E-01
     -0.690854090625E-01
      0.234289263006E+00
     -0.770792090699E-01
      0.137469104232E+00
     -0.841106928551E-01

basis                                                                           

 col          1                   2                   3                   4                   5
      0.373512277947E+00  0.152034796435E+00  0.709196394123E+00 -0.502337072350E+00  0.113668000408E+00
      0.458401432026E+00  0.186588159261E+00 -0.258562525091E+00 -0.126290036874E+00  0.595128468704E+00
      0.000000000000E+00  0.815339055441E+00 -0.121535287585E+00 -0.140177979463E-02 -0.345518022443E+00
      0.000000000000E+00  0.170832944950E+00 -0.145461246838E+00 -0.352565198039E+00 -0.372852189777E+00
      0.000000000000E+00  0.412199189140E+00 -0.207096646957E+00  0.214903779039E+00  0.403526410143E+00
     -0.806446963749E+00  0.176476754139E+00  0.181497526174E+00 -0.304447296575E+00  0.390929782400E+00
      0.000000000000E+00 -0.208687972524E+00 -0.564291271244E+00 -0.658729915145E+00  0.187822552142E-01
      0.000000000000E+00  0.592091456928E-01 -0.104054380607E-02 -0.186030150058E+00 -0.241842511989E+00
 col          6
      0.228241881683E+00
     -0.467604154459E+00
      0.213698454459E+00
     -0.566188074996E+00
      0.271432625067E+00
     -0.160084016281E+00
      0.450385885953E+00
     -0.246710405107E+00

          RMS Error       =  0.38675375E+00
          Status          = unconverged     

                    Davidson Iteration =    5

Vector iteration = 5                                                            

 col          1
      0.228241881683E+00
     -0.467604154459E+00
      0.213698454459E+00
     -0.566188074996E+00
      0.271432625067E+00
     -0.160084016281E+00
      0.450385885953E+00
     -0.246710405107E+00

H_on_Vector iteration = 5                                                       

 col          1
      0.276817944412E-01
     -0.524043114282E+00
     -0.836274541069E-01
     -0.100818377877E+01
      0.382445460103E+00
      0.190817797659E-01
      0.337404358987E+00
     -0.127682392339E+01
Small Matrix iteration = 5                                                      

     Row =    0
                 -0.19111

     Row =    1
                 -0.34322   2.40313

     Row =    2
                  0.43482  -0.62676   0.76691

     Row =    3
                 -0.69776  -1.15555   0.41440   1.79033

     Row =    4
                 -0.03557   0.57809  -0.39862  -0.42011   1.29037

     Row =    5
                 -0.24527  -0.31899   0.04714   0.49949   0.57299
                  1.37203

Small RHS iteration = 5                                                         

 col          1
     -0.432934685802E+00
      0.178609188580E+01
      0.415560195112E+00
     -0.113187771778E+01
     -0.520885312579E-01
     -0.259609535177E+00

Small Matrix Solution iteration = 5                                             

 col          1
      0.837154666280E+00
      0.129716508460E+01
      0.779491820486E+00
      0.124968592098E+00
     -0.492538058545E+00
      0.395436090000E+00

residual                                                                        

 col          1
      0.301945410215E-01
     -0.777076625517E-01
     -0.100555263510E+00
      0.991702029389E-01
      0.181612909217E+00
     -0.301858312931E-01
     -0.683780741509E-02
      0.674429594817E-01

basis                                                                           

 col          1                   2                   3                   4                   5
      0.373512277947E+00  0.152034796435E+00  0.709196394123E+00 -0.502337072350E+00  0.113668000408E+00
      0.458401432026E+00  0.186588159261E+00 -0.258562525091E+00 -0.126290036874E+00  0.595128468704E+00
      0.000000000000E+00  0.815339055441E+00 -0.121535287585E+00 -0.140177979463E-02 -0.345518022443E+00
      0.000000000000E+00  0.170832944950E+00 -0.145461246838E+00 -0.352565198039E+00 -0.372852189777E+00
      0.000000000000E+00  0.412199189140E+00 -0.207096646957E+00  0.214903779039E+00  0.403526410143E+00
     -0.806446963749E+00  0.176476754139E+00  0.181497526174E+00 -0.304447296575E+00  0.390929782400E+00
      0.000000000000E+00 -0.208687972524E+00 -0.564291271244E+00 -0.658729915145E+00  0.187822552142E-01
      0.000000000000E+00  0.592091456928E-01 -0.104054380607E-02 -0.186030150058E+00 -0.241842511989E+00
 col          6                   7
      0.228241881683E+00  0.120962985272E+00
     -0.467604154459E+00 -0.308043377762E+00
      0.213698454459E+00 -0.394162729075E+00
     -0.566188074996E+00  0.412675232276E+00
      0.271432625067E+00  0.709633474840E+00
     -0.160084016281E+00 -0.119073379444E+00
      0.450385885953E+00 -0.274445568470E-01
     -0.246710405107E+00  0.215176177305E+00

          RMS Error       =  0.25570691E+00
          Status          = unconverged     

                    Davidson Iteration =    6

Vector iteration = 6                                                            

 col          1
      0.120962985272E+00
     -0.308043377762E+00
     -0.394162729075E+00
      0.412675232276E+00
      0.709633474840E+00
     -0.119073379444E+00
     -0.274445568470E-01
      0.215176177305E+00

H_on_Vector iteration = 6                                                       

 col          1
      0.163848464294E+00
     -0.166124023002E-03
      0.648735046342E-01
      0.106110527422E+01
      0.221810876014E+01
      0.389748264832E+00
      0.210125276818E+00
      0.128918864677E+01
Small Matrix iteration = 6                                                      

     Row =    0
                 -0.19111

     Row =    1
                 -0.34322   2.40313

     Row =    2
                  0.43482  -0.62676   0.76691

     Row =    3
                 -0.69776  -1.15555   0.41440   1.79033

     Row =    4
                 -0.03557   0.57809  -0.39862  -0.42011   1.29037

     Row =    5
                 -0.24527  -0.31899   0.04714   0.49949   0.57299
                  1.37203

     Row =    6
                 -0.25319   1.27461  -0.55453  -0.47671   0.34007
                 -0.23319   2.23146

Small RHS iteration = 6                                                         

 col          1
     -0.432934685802E+00
      0.178609188580E+01
      0.415560195112E+00
     -0.113187771778E+01
     -0.520885312579E-01
     -0.259609535177E+00
      0.945211761174E+00

Small Matrix Solution iteration = 6                                             

 col          1
      0.865188104110E+00
      0.122108293343E+01
      0.826740721847E+00
      0.112789547438E+00
     -0.503941465286E+00
      0.419989992321E+00
      0.174501746633E+00

residual                                                                        

 col          1
      0.443999043731E-02
     -0.606622997530E-02
     -0.536762363135E-03
      0.398612615922E-01
     -0.274991777068E-02
     -0.139175620447E-02
     -0.109003359991E-02
     -0.804515940912E-01

basis                                                                           

 col          1                   2                   3                   4                   5
      0.373512277947E+00  0.152034796435E+00  0.709196394123E+00 -0.502337072350E+00  0.113668000408E+00
      0.458401432026E+00  0.186588159261E+00 -0.258562525091E+00 -0.126290036874E+00  0.595128468704E+00
      0.000000000000E+00  0.815339055441E+00 -0.121535287585E+00 -0.140177979463E-02 -0.345518022443E+00
      0.000000000000E+00  0.170832944950E+00 -0.145461246838E+00 -0.352565198039E+00 -0.372852189777E+00
      0.000000000000E+00  0.412199189140E+00 -0.207096646957E+00  0.214903779039E+00  0.403526410143E+00
     -0.806446963749E+00  0.176476754139E+00  0.181497526174E+00 -0.304447296575E+00  0.390929782400E+00
      0.000000000000E+00 -0.208687972524E+00 -0.564291271244E+00 -0.658729915145E+00  0.187822552142E-01
      0.000000000000E+00  0.592091456928E-01 -0.104054380607E-02 -0.186030150058E+00 -0.241842511989E+00
 col          6                   7                   8
      0.228241881683E+00  0.120962985272E+00  0.492455533527E-01
     -0.467604154459E+00 -0.308043377762E+00 -0.672827692124E-01
      0.213698454459E+00 -0.394162729075E+00 -0.595342714466E-02
     -0.566188074996E+00  0.412675232276E+00  0.442115791050E+00
      0.271432625067E+00  0.709633474840E+00 -0.305003409813E-01
     -0.160084016281E+00 -0.119073379444E+00 -0.154364756837E-01
      0.450385885953E+00 -0.274445568470E-01 -0.120899602282E-01
     -0.246710405107E+00  0.215176177305E+00 -0.892317973444E+00

          RMS Error       =  0.90160230E-01
          Status          = unconverged     

                    Davidson Iteration =    7

Vector iteration = 7                                                            

 col          1
      0.492455533527E-01
     -0.672827692124E-01
     -0.595342714466E-02
      0.442115791050E+00
     -0.305003409813E-01
     -0.154364756837E-01
     -0.120899602282E-01
     -0.892317973444E+00

H_on_Vector iteration = 7                                                       

 col          1
     -0.268113895274E+00
     -0.384482134101E+00
     -0.624894348180E-03
      0.739534233303E+00
     -0.302473782735E+00
     -0.260948723859E+00
     -0.101903451377E+00
     -0.446338055705E+01
Small Matrix iteration = 7                                                      

     Row =    0
                 -0.19111

     Row =    1
                 -0.34322   2.40313

     Row =    2
                  0.43482  -0.62676   0.76691

     Row =    3
                 -0.69776  -1.15555   0.41440   1.79033

     Row =    4
                 -0.03557   0.57809  -0.39862  -0.42011   1.29037

     Row =    5
                 -0.24527  -0.31899   0.04714   0.49949   0.57299
                  1.37203

     Row =    6
                 -0.25319   1.27461  -0.55453  -0.47671   0.34007
                 -0.23319   2.23146

     Row =    7
                 -0.06595  -0.40041  -0.12080   0.83440   0.31864
                  0.71468  -0.74975   4.33687

Small RHS iteration = 7                                                         

 col          1
     -0.432934685802E+00
      0.178609188580E+01
      0.415560195112E+00
     -0.113187771778E+01
     -0.520885312579E-01
     -0.259609535177E+00
      0.945211761174E+00
     -0.452846872851E+00

Small Matrix Solution iteration = 7                                             

 col          1
      0.877747559224E+00
      0.122120250683E+01
      0.830441125358E+00
      0.107323097980E+00
     -0.511370673275E+00
      0.415875007836E+00
      0.184760411606E+00
      0.251435285453E-01

residual                                                                        

 col          1
     -0.266280053562E-15
      0.364291929955E-15
      0.131486618468E-15
     -0.267147415300E-15
     -0.876035355368E-16
     -0.100613961607E-15
     -0.255004350969E-15
     -0.277555756156E-16

Final Solution                                                                  

 col          1
      0.110892923600E+01
     -0.155454200995E+00
      0.108720002604E+01
      0.925508317893E-01
      0.391337009614E+00
     -0.663167358294E+00
     -0.621833001263E+00
      0.898674079313E-01

          RMS Error       =  0.61307853E-15
          Status          = converged       

                    Convergence After     8 Iterations
