 

                    solve time-dependent schrodinger equation in
                              real time       

                    algorithm = arnoldi                 
                    number of variables = 1

                         time-dependent data
     coordinate system          =         cartesian               
     units                      = atomic_units                    
     non-linear potential       = F
     no spatial hamiltonian     = F
     calculate eigenvalues      = T
     kinetic energy type        =         dvr     
     automatic point generation = F
     calculate projections      = F

     number of time intervals =   10
     time step                =           0.01000000

                    axis = x                       

                    generating dvr representation in space
 
 
                    Automated Selection of Steps   

 block =   1
               polynomial order     =    7
               number of subregions =   64
               left hand boundary   = -0.40000000E+02
               right hand boundary  =  0.40000000E+02

 number of fixed points = 2
               left point fixed       = T
               right point fixed      = T
               left point dropped     = T
               right point dropped    = T

      size of the physical basis set =   447

 potential type = none                            
 angular momentum =   0

 potential type = none                            
 angular momentum =   0

 potential type = none                            
 angular momentum =   0

 potential type = none                            
 angular momentum =   0

 potential type = none                            
 angular momentum =   0

 potential type = none                            
 angular momentum =   0

 potential type = none                            
 angular momentum =   0

 potential type = none                            
 angular momentum =   0

 potential type = none                            
 angular momentum =   0

 potential type = none                            
 angular momentum =   0

 potential type = none                            
 angular momentum =   0

 potential type = none                            
 angular momentum =   0

 potential type = none                            
 angular momentum =   0

 potential type = none                            
 angular momentum =   0

 potential type = none                            
 angular momentum =   0

 potential type = none                            
 angular momentum =   0

 potential type = none                            
 angular momentum =   0

 potential type = none                            
 angular momentum =   0

 potential type = none                            
 angular momentum =   0

 potential type = none                            
 angular momentum =   0

 potential type = none                            
 angular momentum =   0

 potential type = none                            
 angular momentum =   0

 potential type = none                            
 angular momentum =   0

 potential type = none                            
 angular momentum =   0

 potential type = none                            
 angular momentum =   0

 potential type = none                            
 angular momentum =   0

 potential type = none                            
 angular momentum =   0

 potential type = none                            
 angular momentum =   0

 potential type = none                            
 angular momentum =   0

 potential type = none                            
 angular momentum =   0

 potential type = none                            
 angular momentum =   0

 potential type = none                            
 angular momentum =   0

 potential type = none                            
 angular momentum =   0

 potential type = none                            
 angular momentum =   0

 potential type = none                            
 angular momentum =   0

 potential type = none                            
 angular momentum =   0

 potential type = none                            
 angular momentum =   0

 potential type = none                            
 angular momentum =   0

 potential type = none                            
 angular momentum =   0

 potential type = none                            
 angular momentum =   0

 potential type = none                            
 angular momentum =   0

 potential type = none                            
 angular momentum =   0

 potential type = none                            
 angular momentum =   0

 potential type = none                            
 angular momentum =   0

 potential type = none                            
 angular momentum =   0

 potential type = none                            
 angular momentum =   0

 potential type = none                            
 angular momentum =   0

 potential type = none                            
 angular momentum =   0

 potential type = none                            
 angular momentum =   0

 potential type = none                            
 angular momentum =   0

 potential type = none                            
 angular momentum =   0

 potential type = none                            
 angular momentum =   0

 potential type = none                            
 angular momentum =   0

 potential type = none                            
 angular momentum =   0

 potential type = none                            
 angular momentum =   0

 potential type = none                            
 angular momentum =   0

 potential type = none                            
 angular momentum =   0

 potential type = none                            
 angular momentum =   0

 potential type = none                            
 angular momentum =   0

 potential type = none                            
 angular momentum =   0

 potential type = none                            
 angular momentum =   0

 potential type = none                            
 angular momentum =   0

 potential type = none                            
 angular momentum =   0

 potential type = none                            
 angular momentum =   0

          Diagonalize Full Hamiltonian

          Diagonalize Kinetic Energy Hamiltonian

 Entering Propagation for a 1 dimensional problem
 Spatial discretization is FEDVR    Number of Points =        447

               Regional Information for DVR Basis, Variable =  1

                 Region     Number of Functions     Type
                   1                  7             real
                   2                  8             real
                   3                  8             real
                   4                  8             real
                   5                  8             real
                   6                  8             real
                   7                  8             real
                   8                  8             real
                   9                  8             real
                  10                  8             real
                  11                  8             real
                  12                  8             real
                  13                  8             real
                  14                  8             real
                  15                  8             real
                  16                  8             real
                  17                  8             real
                  18                  8             real
                  19                  8             real
                  20                  8             real
                  21                  8             real
                  22                  8             real
                  23                  8             real
                  24                  8             real
                  25                  8             real
                  26                  8             real
                  27                  8             real
                  28                  8             real
                  29                  8             real
                  30                  8             real
                  31                  8             real
                  32                  8             real
                  33                  8             real
                  34                  8             real
                  35                  8             real
                  36                  8             real
                  37                  8             real
                  38                  8             real
                  39                  8             real
                  40                  8             real
                  41                  8             real
                  42                  8             real
                  43                  8             real
                  44                  8             real
                  45                  8             real
                  46                  8             real
                  47                  8             real
                  48                  8             real
                  49                  8             real
                  50                  8             real
                  51                  8             real
                  52                  8             real
                  53                  8             real
                  54                  8             real
                  55                  8             real
                  56                  8             real
                  57                  8             real
                  58                  8             real
                  59                  8             real
                  60                  8             real
                  61                  8             real
                  62                  8             real
                  63                  8             real
                  64                  7             real

 space and time    = none                            
 non-linear        = none                            

     units = atomic_units    
************************************************************************
          Time to input basic data               =      0.00390625

          Time to compute global FEDVR spatial 
          matrices                               =      0.91796875

          Time to compute the regional spatial 
          matrices                               =      0.00000000

          Time to enter potential parameters     =      0.00000000
************************************************************************

               iterative diagonalization information

     overlap tolerance                  =  0.10000000E-09
     convergence criterion              =  0.10000000E-09
     maximum number of iterations       =     30
     maximum number of vectors          =     30

 initial state data
 type initial state = gaussian_pulse          

 overlap integral for gaussian packet =  0.75112554E+00

     initial wavepacket at t=0

     the form of the cartesian packet is:


     psi = exp[ - alpha_x * ( x - x_0 )**2 / (2*(sigma_x)**2) - i*beta_x*(x-x_0) ]

 gaussian wave packet parameters

 alpha_x    =  0.10000000E+01

 sigma_x    =  0.10000000E+01

 x_0        =  0.00000000E+00

 n_x        =  0

 beta_x     =  0.40000000E+01
initial state                                                                   
     x              Real Psi       Imag Psi 
-.399198E+02     0.000000E+00     0.000000E+00
-.397448E+02     0.000000E+00     0.000000E+00
-.395058E+02     0.000000E+00     0.000000E+00
-.392442E+02     0.000000E+00     0.000000E+00
-.390052E+02     0.000000E+00     0.000000E+00
-.388302E+02     0.000000E+00     0.000000E+00
-.387500E+02     0.000000E+00     0.000000E+00
-.386698E+02     0.000000E+00     0.000000E+00
-.384948E+02     0.000000E+00     0.000000E+00
-.382558E+02     0.000000E+00     0.000000E+00
-.379942E+02     0.000000E+00     0.000000E+00
-.377552E+02     0.000000E+00     0.000000E+00
-.375802E+02     0.517755-307     -.266789-307
-.375000E+02     0.480744-306     -.491487-306
-.374198E+02     0.104251-304     -.213793-304
-.372448E+02     -.508031-302     -.201991-301
-.370058E+02     -.152478-297     -.588591-298
-.367442E+02     -.197053-293     0.158732-293
-.365052E+02     0.921797-291     0.145409-289
-.363302E+02     0.464257-287     0.485137-287
-.362500E+02     0.633764-286     0.335391-286
-.361698E+02     0.221330-284     0.371021-285
-.359948E+02     0.135915-281     -.803693-282
-.357558E+02     0.741645-279     -.916081-278
-.354942E+02     -.843808-274     -.583598-274
-.352552E+02     -.411493-270     0.150636-270
-.350802E+02     -.805958-268     0.140836-267
-.350000E+02     -.310080-267     0.153656-266
-.349198E+02     0.538028-266     0.440557-265
-.347448E+02     0.183732-262     0.170880-262
-.345058E+02     0.106021-258     -.222464-259
-.342442E+02     0.272199-255     -.828395-255
-.340052E+02     -.164647-251     -.221817-251
-.338302E+02     -.799886-249     -.189116-249
-.337500E+02     -.715496-248     0.634757-249
-.336698E+02     -.168803-246     0.731933-247
-.334948E+02     -.372204-244     0.748304-244
-.332558E+02     0.127009-240     0.235592-240
-.329942E+02     0.155272-236     0.463787-238
-.327552E+02     0.219357-233     -.291774-233
-.325802E+02     -.483622-232     -.871354-231
-.325000E+02     -.253411-230     -.641723-230
-.324198E+02     -.102595-228     -.122613-228
-.322448E+02     -.574712-226     -.100993-226
-.320058E+02     -.983383-223     0.976821-223
-.317442E+02     0.147865-219     0.560915-219
-.315052E+02     0.947319-216     0.353380-216
-.313302E+02     0.182906-213     -.653303-214
-.312500E+02     0.109422-212     -.855747-213
-.311698E+02     0.161146-211     -.242540-211
-.309948E+02     -.968527-210     -.848459-209
-.307558E+02     -.131962-205     -.722857-206
-.304942E+02     -.388182-202     0.235526-202
-.302552E+02     -.407257-200     0.585610-199
-.300802E+02     0.534286-197     0.731760-197
-.300000E+02     0.477301-196     0.340375-196
-.299198E+02     0.106246-194     0.327296-195
-.297448E+02     0.241157-192     -.102321-192
-.295058E+02     0.725484-190     -.334588-189
-.292442E+02     -.551217-186     -.501115-186
-.290052E+02     -.697461-183     0.154633-183
-.288302E+02     -.537955-181     0.703959-181
-.287500E+02     -.168961-180     0.490291-180
-.286698E+02     -.998065-181     0.889621-179
-.284948E+02     0.107077-176     0.130034-176
-.282558E+02     0.162842-173     -.120867-174
-.279942E+02     0.111486-170     -.230668-170
-.277552E+02     -.882938-168     -.159420-167
-.275802E+02     -.169639-165     -.648046-166
-.275000E+02     -.960643-165     -.425431-166
-.274198E+02     -.143574-163     0.407252-164
-.272448E+02     -.127125-161     0.188108-161
-.270058E+02     0.577672-159     0.152685-158
-.267442E+02     0.182250-155     0.298981-156
-.265052E+02     0.683491-153     -.694519-153
-.263302E+02     0.602457-152     -.777865-151
-.262500E+02     -.900557-151     -.362726-150
-.261698E+02     -.280512-149     -.443468-149
-.259948E+02     -.611488-147     -.193649-147
-.257558E+02     -.272479-144     0.206843-144
-.254942E+02     0.347951-142     0.276889-141
-.252552E+02     0.963745-139     0.513783-139
-.250802E+02     0.687131-137     -.146683-137
-.250000E+02     0.262561-136     -.154180-136
-.249198E+02     0.254773-135     -.290963-135
-.247448E+02     0.724766-135     -.379773-133
-.245058E+02     -.121076-130     -.889988-131
-.242442E+02     -.809704-128     0.354448-128
-.240052E+02     -.515210-126     0.251354-125
-.238302E+02     0.633450-124     0.116526-123
-.237500E+02     0.379664-123     0.355271-123
-.236698E+02     0.542684-122     0.249919-122
-.234948E+02     0.454601-120     -.125095-120
-.232558E+02     0.469558-118     -.130143-117
-.229942E+02     -.378139-115     -.448732-115
-.227552E+02     -.125891-112     0.107820-113
-.225802E+02     -.371031-111     0.371135-111
-.225000E+02     -.833964-111     0.166392-110
-.224198E+02     -.277562-110     0.191472-109
-.222448E+02     0.647640-108     0.104192-107
-.220058E+02     0.266559-105     0.156526-106
-.217442E+02     0.449542-103     -.681745-103
-.215052E+02     -.475334-101     -.121452-100
-.213302E+02     -.382462E-99     -.207773E-99
-.212500E+02     -.137467E-98     -.245888E-99
-.211698E+02     -.129971E-97     0.188000E-98
-.209948E+02     -.444715E-96     0.499898E-96
-.207558E+02     0.245163E-94     0.105200E-93
-.204942E+02     0.227892E-91     0.693340E-92
-.202552E+02     0.222814E-89     -.173162E-89
-.200802E+02     0.157766E-88     -.740056E-88
-.200000E+02     -.242444E-88     -.218288E-87
-.199198E+02     -.781041E-87     -.169736E-86
-.197448E+02     -.692222E-85     -.325406E-85
-.195058E+02     -.796445E-83     0.452392E-83
-.192442E+02     -.112612E-82     0.145642E-80
-.190052E+02     0.103972E-78     0.746240E-79
-.188302E+02     0.274913E-77     -.213690E-78
-.187500E+02     0.667383E-77     -.280769E-77
-.186698E+02     0.419339E-76     -.366954E-76
-.184948E+02     0.277207E-75     -.181181E-74
-.182558E+02     -.117262E-72     -.112938E-72
-.179942E+02     -.179402E-70     0.515643E-71
-.177552E+02     -.399895E-69     0.114904E-68
-.175802E+02     0.752179E-68     0.196734E-67
-.175000E+02     0.316861E-67     0.387191E-67
-.174198E+02     0.294329E-66     0.186302E-66
-.172448E+02     0.912161E-65     -.124627E-65
-.170058E+02     0.279561E-63     -.538293E-63
-.167442E+02     -.269547E-61     -.422863E-61
-.165052E+02     -.242163E-59     -.114638E-60
-.163302E+02     -.267889E-58     0.204835E-58
-.162500E+02     -.407598E-58     0.599185E-58
-.161698E+02     -.124691E-57     0.439074E-57
-.159948E+02     0.398244E-56     0.883700E-56
-.157558E+02     0.465039E-54     0.901091E-55
-.154942E+02     0.185282E-52     -.213095E-52
-.152552E+02     -.241001E-51     -.983509E-51
-.150802E+02     -.914231E-50     -.667125E-50
-.150000E+02     -.209549E-49     -.670640E-50
-.149198E+02     -.125357E-48     0.136771E-50
-.147448E+02     -.162082E-47     0.139599E-47
-.145058E+02     0.744913E-47     0.771818E-46
-.142442E+02     0.303229E-44     0.138365E-44
-.140052E+02     0.765852E-43     -.446587E-43
-.138302E+02     0.267593E-42     -.749842E-42
-.137500E+02     0.309818E-43     -.139985E-41
-.136698E+02     -.212272E-41     -.689830E-41
-.134948E+02     -.831926E-40     -.535795E-40
-.132558E+02     -.246700E-38     0.996317E-39
-.129942E+02     -.115459E-37     0.816519E-37
-.127552E+02     0.118458E-35     0.111526E-35
-.125802E+02     0.117220E-34     0.647324E-36
-.125000E+02     0.180237E-34     -.490066E-35
-.124198E+02     0.725611E-34     -.481782E-34
-.122448E+02     0.269367E-33     -.920906E-33
-.120058E+02     -.119045E-31     -.149818E-31
-.117442E+02     -.423043E-30     0.626988E-31
-.115052E+02     -.282131E-29     0.558653E-29
-.113302E+02     0.835868E-29     0.353100E-28
-.112500E+02     0.274357E-28     0.444397E-28
-.111698E+02     0.168928E-27     0.141437E-27
-.109948E+02     0.195014E-26     -.594150E-29
-.107558E+02     0.165677E-25     -.236167E-25
-.104942E+02     -.195806E-24     -.421649E-24
-.102552E+02     -.496479E-23     -.903671E-24
-.100802E+02     -.204007E-22     0.116821E-22
-.100000E+02     -.204150E-22     0.228080E-22
-.991984E+01     -.465051E-22     0.107162E-21
-.974481E+01     0.238099E-21     0.795973E-21
-.950581E+01     0.864156E-20     0.290345E-20
-.924419E+01     0.794744E-19     -.700370E-19
-.900519E+01     -.915666E-19     -.847974E-18
-.883016E+01     -.230716E-17     -.220663E-17
-.875000E+01     -.339839E-17     -.161021E-17
-.866984E+01     -.128870E-16     -.157785E-17
-.849481E+01     -.621300E-16     0.405521E-16
-.825581E+01     -.220507E-16     0.603445E-15
-.799419E+01     0.428444E-14     0.269106E-14
-.775519E+01     0.278872E-13     -.116323E-13
-.758016E+01     0.416037E-13     -.807950E-13
-.750000E+01     0.149378E-13     -.956813E-13
-.741984E+01     -.499123E-13     -.298313E-12
-.724481E+01     -.105779E-11     -.899888E-12
-.700581E+01     -.812111E-11     0.208306E-11
-.674419E+01     -.136675E-10     0.487739E-10
-.650519E+01     0.141576E-09     0.174079E-09
-.633016E+01     0.532695E-09     0.101293E-09
-.625000E+01     0.518128E-09     -.691838E-10
-.616984E+01     0.132774E-08     -.646931E-09
-.599481E+01     0.220848E-08     -.498141E-08
-.575581E+01     -.125177E-07     -.209445E-07
-.549419E+01     -.106284E-06     0.153024E-08
-.525519E+01     -.197324E-06     0.288182E-06
-.508016E+01     0.675039E-07     0.674808E-06
-.500000E+01     0.241354E-06     0.539948E-06
-.491984E+01     0.102048E-05     0.111537E-05
-.474481E+01     0.444381E-05     0.579591E-06
-.450581E+01     0.100859E-04     -.109469E-04
-.424419E+01     -.139071E-04     -.446403E-04
-.400519E+01     -.108426E-03     -.350653E-04
-.383016E+01     -.164621E-03     0.671518E-04
-.375000E+01     -.106559E-03     0.912139E-04
-.366984E+01     -.167367E-03     0.277833E-03
-.349481E+01     0.121494E-03     0.762949E-03
-.325581E+01     0.170811E-02     0.839651E-03
-.299419E+01     0.358314E-02     -.239713E-02
-.275519E+01     0.196182E-03     -.779100E-02
-.258016E+01     -.610458E-02     -.762786E-02
-.250000E+01     -.585083E-02     -.379345E-02
-.241984E+01     -.141166E-01     -.367341E-02
-.224481E+01     -.251915E-01     0.120302E-01
-.200581E+01     -.859396E-02     0.502860E-01
-.174419E+01     0.640692E-01     0.532639E-01
-.150519E+01     0.107897E+00     -.289846E-01
-.133016E+01     0.643065E-01     -.923502E-01
-.125000E+01     0.206109E-01     -.696755E-01
-.116984E+01     -.454215E-02     -.137430E+00
-.994813E+00     -.141503E+00     -.157124E+00
-.755812E+00     -.284609E+00     0.338401E-01
-.494188E+00     -.133289E+00     0.310096E+00
-.255187E+00     0.175486E+00     0.286195E+00
-.801624E-01     0.257854E+00     0.856361E-01
-.222045E-15     0.158704E+00     0.140958E-15
0.801624E-01     0.257854E+00     -.856361E-01
0.255187E+00     0.175486E+00     -.286195E+00
0.494188E+00     -.133289E+00     -.310096E+00
0.755812E+00     -.284609E+00     -.338401E-01
0.994813E+00     -.141503E+00     0.157124E+00
0.116984E+01     -.454215E-02     0.137430E+00
0.125000E+01     0.206109E-01     0.696755E-01
0.133016E+01     0.643065E-01     0.923502E-01
0.150519E+01     0.107897E+00     0.289846E-01
0.174419E+01     0.640692E-01     -.532639E-01
0.200581E+01     -.859396E-02     -.502860E-01
0.224481E+01     -.251915E-01     -.120302E-01
0.241984E+01     -.141166E-01     0.367341E-02
0.250000E+01     -.585083E-02     0.379345E-02
0.258016E+01     -.610458E-02     0.762786E-02
0.275519E+01     0.196182E-03     0.779100E-02
0.299419E+01     0.358314E-02     0.239713E-02
0.325581E+01     0.170811E-02     -.839651E-03
0.349481E+01     0.121494E-03     -.762949E-03
0.366984E+01     -.167367E-03     -.277833E-03
0.375000E+01     -.106559E-03     -.912139E-04
0.383016E+01     -.164621E-03     -.671518E-04
0.400519E+01     -.108426E-03     0.350653E-04
0.424419E+01     -.139071E-04     0.446403E-04
0.450581E+01     0.100859E-04     0.109469E-04
0.474481E+01     0.444381E-05     -.579591E-06
0.491984E+01     0.102048E-05     -.111537E-05
0.500000E+01     0.241354E-06     -.539948E-06
0.508016E+01     0.675039E-07     -.674808E-06
0.525519E+01     -.197324E-06     -.288182E-06
0.549419E+01     -.106284E-06     -.153024E-08
0.575581E+01     -.125177E-07     0.209445E-07
0.599481E+01     0.220848E-08     0.498141E-08
0.616984E+01     0.132774E-08     0.646931E-09
0.625000E+01     0.518128E-09     0.691838E-10
0.633016E+01     0.532695E-09     -.101293E-09
0.650519E+01     0.141576E-09     -.174079E-09
0.674419E+01     -.136675E-10     -.487739E-10
0.700581E+01     -.812111E-11     -.208306E-11
0.724481E+01     -.105779E-11     0.899888E-12
0.741984E+01     -.499123E-13     0.298313E-12
0.750000E+01     0.149378E-13     0.956813E-13
0.758016E+01     0.416037E-13     0.807950E-13
0.775519E+01     0.278872E-13     0.116323E-13
0.799419E+01     0.428444E-14     -.269106E-14
0.825581E+01     -.220507E-16     -.603445E-15
0.849481E+01     -.621300E-16     -.405521E-16
0.866984E+01     -.128870E-16     0.157785E-17
0.875000E+01     -.339839E-17     0.161021E-17
0.883016E+01     -.230716E-17     0.220663E-17
0.900519E+01     -.915666E-19     0.847974E-18
0.924419E+01     0.794744E-19     0.700370E-19
0.950581E+01     0.864156E-20     -.290345E-20
0.974481E+01     0.238099E-21     -.795973E-21
0.991984E+01     -.465051E-22     -.107162E-21
0.100000E+02     -.204150E-22     -.228080E-22
0.100802E+02     -.204007E-22     -.116821E-22
0.102552E+02     -.496479E-23     0.903671E-24
0.104942E+02     -.195806E-24     0.421649E-24
0.107558E+02     0.165677E-25     0.236167E-25
0.109948E+02     0.195014E-26     0.594150E-29
0.111698E+02     0.168928E-27     -.141437E-27
0.112500E+02     0.274357E-28     -.444397E-28
0.113302E+02     0.835868E-29     -.353100E-28
0.115052E+02     -.282131E-29     -.558653E-29
0.117442E+02     -.423043E-30     -.626988E-31
0.120058E+02     -.119045E-31     0.149818E-31
0.122448E+02     0.269367E-33     0.920906E-33
0.124198E+02     0.725611E-34     0.481782E-34
0.125000E+02     0.180237E-34     0.490066E-35
0.125802E+02     0.117220E-34     -.647324E-36
0.127552E+02     0.118458E-35     -.111526E-35
0.129942E+02     -.115459E-37     -.816519E-37
0.132558E+02     -.246700E-38     -.996317E-39
0.134948E+02     -.831926E-40     0.535795E-40
0.136698E+02     -.212272E-41     0.689830E-41
0.137500E+02     0.309818E-43     0.139985E-41
0.138302E+02     0.267593E-42     0.749842E-42
0.140052E+02     0.765852E-43     0.446587E-43
0.142442E+02     0.303229E-44     -.138365E-44
0.145058E+02     0.744913E-47     -.771818E-46
0.147448E+02     -.162082E-47     -.139599E-47
0.149198E+02     -.125357E-48     -.136771E-50
0.150000E+02     -.209549E-49     0.670640E-50
0.150802E+02     -.914231E-50     0.667125E-50
0.152552E+02     -.241001E-51     0.983509E-51
0.154942E+02     0.185282E-52     0.213095E-52
0.157558E+02     0.465039E-54     -.901091E-55
0.159948E+02     0.398244E-56     -.883700E-56
0.161698E+02     -.124691E-57     -.439074E-57
0.162500E+02     -.407598E-58     -.599185E-58
0.163302E+02     -.267889E-58     -.204835E-58
0.165052E+02     -.242163E-59     0.114638E-60
0.167442E+02     -.269547E-61     0.422863E-61
0.170058E+02     0.279561E-63     0.538293E-63
0.172448E+02     0.912161E-65     0.124627E-65
0.174198E+02     0.294329E-66     -.186302E-66
0.175000E+02     0.316861E-67     -.387191E-67
0.175802E+02     0.752179E-68     -.196734E-67
0.177552E+02     -.399895E-69     -.114904E-68
0.179942E+02     -.179402E-70     -.515643E-71
0.182558E+02     -.117262E-72     0.112938E-72
0.184948E+02     0.277207E-75     0.181181E-74
0.186698E+02     0.419339E-76     0.366954E-76
0.187500E+02     0.667383E-77     0.280769E-77
0.188302E+02     0.274913E-77     0.213690E-78
0.190052E+02     0.103972E-78     -.746240E-79
0.192442E+02     -.112612E-82     -.145642E-80
0.195058E+02     -.796445E-83     -.452392E-83
0.197448E+02     -.692222E-85     0.325406E-85
0.199198E+02     -.781041E-87     0.169736E-86
0.200000E+02     -.242444E-88     0.218288E-87
0.200802E+02     0.157766E-88     0.740056E-88
0.202552E+02     0.222814E-89     0.173162E-89
0.204942E+02     0.227892E-91     -.693340E-92
0.207558E+02     0.245163E-94     -.105200E-93
0.209948E+02     -.444715E-96     -.499898E-96
0.211698E+02     -.129971E-97     -.188000E-98
0.212500E+02     -.137467E-98     0.245888E-99
0.213302E+02     -.382462E-99     0.207773E-99
0.215052E+02     -.475334-101     0.121452-100
0.217442E+02     0.449542-103     0.681745-103
0.220058E+02     0.266559-105     -.156526-106
0.222448E+02     0.647640-108     -.104192-107
0.224198E+02     -.277562-110     -.191472-109
0.225000E+02     -.833964-111     -.166392-110
0.225802E+02     -.371031-111     -.371135-111
0.227552E+02     -.125891-112     -.107820-113
0.229942E+02     -.378139-115     0.448732-115
0.232558E+02     0.469558-118     0.130143-117
0.234948E+02     0.454601-120     0.125095-120
0.236698E+02     0.542684-122     -.249919-122
0.237500E+02     0.379664-123     -.355271-123
0.238302E+02     0.633450-124     -.116526-123
0.240052E+02     -.515210-126     -.251354-125
0.242442E+02     -.809704-128     -.354448-128
0.245058E+02     -.121076-130     0.889988-131
0.247448E+02     0.724766-135     0.379773-133
0.249198E+02     0.254773-135     0.290963-135
0.250000E+02     0.262561-136     0.154180-136
0.250802E+02     0.687131-137     0.146683-137
0.252552E+02     0.963745-139     -.513783-139
0.254942E+02     0.347951-142     -.276889-141
0.257558E+02     -.272479-144     -.206843-144
0.259948E+02     -.611488-147     0.193649-147
0.261698E+02     -.280512-149     0.443468-149
0.262500E+02     -.900557-151     0.362726-150
0.263302E+02     0.602457-152     0.777865-151
0.265052E+02     0.683491-153     0.694519-153
0.267442E+02     0.182250-155     -.298981-156
0.270058E+02     0.577672-159     -.152685-158
0.272448E+02     -.127125-161     -.188108-161
0.274198E+02     -.143574-163     -.407252-164
0.275000E+02     -.960643-165     0.425431-166
0.275802E+02     -.169639-165     0.648046-166
0.277552E+02     -.882938-168     0.159420-167
0.279942E+02     0.111486-170     0.230668-170
0.282558E+02     0.162842-173     0.120867-174
0.284948E+02     0.107077-176     -.130034-176
0.286698E+02     -.998065-181     -.889621-179
0.287500E+02     -.168961-180     -.490291-180
0.288302E+02     -.537955-181     -.703959-181
0.290052E+02     -.697461-183     -.154633-183
0.292442E+02     -.551217-186     0.501115-186
0.295058E+02     0.725484-190     0.334588-189
0.297448E+02     0.241157-192     0.102321-192
0.299198E+02     0.106246-194     -.327296-195
0.300000E+02     0.477301-196     -.340375-196
0.300802E+02     0.534286-197     -.731760-197
0.302552E+02     -.407257-200     -.585610-199
0.304942E+02     -.388182-202     -.235526-202
0.307558E+02     -.131962-205     0.722857-206
0.309948E+02     -.968527-210     0.848459-209
0.311698E+02     0.161146-211     0.242540-211
0.312500E+02     0.109422-212     0.855747-213
0.313302E+02     0.182906-213     0.653303-214
0.315052E+02     0.947319-216     -.353380-216
0.317442E+02     0.147865-219     -.560915-219
0.320058E+02     -.983383-223     -.976821-223
0.322448E+02     -.574712-226     0.100993-226
0.324198E+02     -.102595-228     0.122613-228
0.325000E+02     -.253411-230     0.641723-230
0.325802E+02     -.483622-232     0.871354-231
0.327552E+02     0.219357-233     0.291774-233
0.329942E+02     0.155272-236     -.463787-238
0.332558E+02     0.127009-240     -.235592-240
0.334948E+02     -.372204-244     -.748304-244
0.336698E+02     -.168803-246     -.731933-247
0.337500E+02     -.715496-248     -.634757-249
0.338302E+02     -.799886-249     0.189116-249
0.340052E+02     -.164647-251     0.221817-251
0.342442E+02     0.272199-255     0.828395-255
0.345058E+02     0.106021-258     0.222464-259
0.347448E+02     0.183732-262     -.170880-262
0.349198E+02     0.538028-266     -.440557-265
0.350000E+02     -.310080-267     -.153656-266
0.350802E+02     -.805958-268     -.140836-267
0.352552E+02     -.411493-270     -.150636-270
0.354942E+02     -.843808-274     0.583598-274
0.357558E+02     0.741645-279     0.916081-278
0.359948E+02     0.135915-281     0.803693-282
0.361698E+02     0.221330-284     -.371021-285
0.362500E+02     0.633764-286     -.335391-286
0.363302E+02     0.464257-287     -.485137-287
0.365052E+02     0.921797-291     -.145409-289
0.367442E+02     -.197053-293     -.158732-293
0.370058E+02     -.152478-297     0.588591-298
0.372448E+02     -.508031-302     0.201991-301
0.374198E+02     0.104251-304     0.213793-304
0.375000E+02     0.480744-306     0.491487-306
0.375802E+02     0.517755-307     0.266789-307
0.377552E+02     0.000000E+00     0.000000E+00
0.379942E+02     0.000000E+00     0.000000E+00
0.382558E+02     0.000000E+00     0.000000E+00
0.384948E+02     0.000000E+00     0.000000E+00
0.386698E+02     0.000000E+00     0.000000E+00
0.387500E+02     0.000000E+00     0.000000E+00
0.388302E+02     0.000000E+00     0.000000E+00
0.390052E+02     0.000000E+00     0.000000E+00
0.392442E+02     0.000000E+00     0.000000E+00
0.395058E+02     0.000000E+00     0.000000E+00
0.397448E+02     0.000000E+00     0.000000E+00
0.399198E+02     0.000000E+00     0.000000E+00
************************************************************************

                    Begin Arnoldi Propagation
************************************************************************
************************************************************************

     beginning arnoldi iterations:
     initial error =  0.00000000E+00
************************************************************************

     beginning arnoldi iterations:
     initial error =  0.10000000E+11

     using    1 trial vectors
eigenvalues of small matrix iteration = 1                                       
 col          1
     0.82499864E+01

     cycle =    1  no. vectors =    1

 exponentiating at delta t =  0.10000000E-01
eigenvalues of small matrix iteration = 2                                       
 col          1
     0.60503401E+01
     0.11943737E+02

     cycle =    2  no. vectors =    2

 exponentiating at delta t =  0.10000000E-01

 overlap               =  0.28503058E-01
eigenvalues of small matrix iteration = 3                                       
 col          1
     0.54613195E+01
     0.10711371E+02
     0.19985998E+02

     cycle =    3  no. vectors =    3

 exponentiating at delta t =  0.10000000E-01

 overlap               =  0.59418264E-03
eigenvalues of small matrix iteration = 4                                       
 col          1
     0.48179691E+01
     0.93356732E+01
     0.15342139E+02
     0.40473754E+03

     cycle =    4  no. vectors =    4

 exponentiating at delta t =  0.10000000E-01

 overlap               =  0.76022930E-04
eigenvalues of small matrix iteration = 5                                       
 col          1
     0.46239220E+01
     0.90012958E+01
     0.14813472E+02
     0.78011185E+02
     0.41752636E+03

     cycle =    5  no. vectors =    5

 exponentiating at delta t =  0.10000000E-01

 overlap               =  0.13481548E-04
eigenvalues of small matrix iteration = 6                                       
 col          1
     0.39015881E+01
     0.76142813E+01
     0.12196155E+02
     0.18357819E+02
     0.11753607E+03
     0.41780779E+03

     cycle =    6  no. vectors =    6

 exponentiating at delta t =  0.10000000E-01

 overlap               =  0.14594096E-05
eigenvalues of small matrix iteration = 7                                       
 col          1
     0.38094381E+01
     0.74541247E+01
     0.11946229E+02
     0.17960227E+02
     0.11674235E+03
     0.34589932E+03
     0.41781302E+03

     cycle =    7  no. vectors =    7

 exponentiating at delta t =  0.10000000E-01

 overlap               =  0.52435717E-07
eigenvalues of small matrix iteration = 8                                       
 col          1
     0.35183325E+01
     0.69409297E+01
     0.11136135E+02
     0.16667438E+02
     0.31747677E+02
     0.11743520E+03
     0.41760414E+03
     0.41930894E+03

     cycle =    8  no. vectors =    8

 exponentiating at delta t =  0.10000000E-01

 overlap               =  0.11688245E-07
eigenvalues of small matrix iteration = 9                                       
 col          1
     0.32319111E+01
     0.64151958E+01
     0.10256813E+02
     0.15099835E+02
     0.22070852E+02
     0.79161786E+02
     0.11754315E+03
     0.41764630E+03
     0.41969387E+03

     cycle =    9  no. vectors =    9

 exponentiating at delta t =  0.10000000E-01

 overlap               =  0.41777979E-09
eigenvalues of small matrix iteration = 10                                      
 col          1
     0.31233156E+01
     0.62180154E+01
     0.99350971E+01
     0.14560837E+02
     0.20854511E+02
     0.68766593E+02
     0.11750756E+03
     0.21803960E+03
     0.41764719E+03
     0.41970403E+03

     cycle =   10  no. vectors =   10

 exponentiating at delta t =  0.10000000E-01

 overlap               =  0.20647057E-10

     done with iteration:return

 Time                      =  0.10000000E-01
 Exact <x>                 = -0.40000000E-01
 Calculated <x>            = -0.39999612E-01
 Exact <x*x> - <x><x>      =  0.70714214E+00
 Calculated <x*x> - <x><x> =  0.70714215E+00

 <psi_0|psi_t>                      =   0.996194210355E+00  -0.823708253895E-01
 <psi_0|psi_t> Conjg(<psi_0|psi_t>) =   0.999187857620E+00

 <psi_t|x|psi_t>                    =  -0.399996121254E-01
 sqrt( <psi_t|x*x|psi_t> - <psi_t|x|psi_t> * <psi_t|x|psi_t> ) =   0.707142147389E+00

     Time Step           =      1     Time =      0.01000000
     Normalization       =  0.10000000E+01     Survival Probablity =  0.81214238E-03
************************************************************************

     beginning arnoldi iterations:
     initial error =  0.10000000E+11
************************************************************************

     beginning arnoldi iterations:
     initial error =  0.10000000E+11

     using    1 trial vectors
eigenvalues of small matrix iteration = 1                                       
 col          1
     0.82499864E+01

     cycle =    1  no. vectors =    1

 exponentiating at delta t =  0.10000000E-01
eigenvalues of small matrix iteration = 2                                       
 col          1
     0.60503401E+01
     0.11943737E+02

     cycle =    2  no. vectors =    2

 exponentiating at delta t =  0.10000000E-01

 overlap               =  0.28503058E-01
eigenvalues of small matrix iteration = 3                                       
 col          1
     0.54613195E+01
     0.10711371E+02
     0.19985998E+02

     cycle =    3  no. vectors =    3

 exponentiating at delta t =  0.10000000E-01

 overlap               =  0.59418264E-03
eigenvalues of small matrix iteration = 4                                       
 col          1
     0.48179691E+01
     0.93356732E+01
     0.15342139E+02
     0.40473754E+03

     cycle =    4  no. vectors =    4

 exponentiating at delta t =  0.10000000E-01

 overlap               =  0.76022930E-04
eigenvalues of small matrix iteration = 5                                       
 col          1
     0.46239220E+01
     0.90012958E+01
     0.14813472E+02
     0.78011185E+02
     0.41752636E+03

     cycle =    5  no. vectors =    5

 exponentiating at delta t =  0.10000000E-01

 overlap               =  0.13481548E-04
eigenvalues of small matrix iteration = 6                                       
 col          1
     0.39015880E+01
     0.76142812E+01
     0.12196155E+02
     0.18357818E+02
     0.11753607E+03
     0.41780779E+03

     cycle =    6  no. vectors =    6

 exponentiating at delta t =  0.10000000E-01

 overlap               =  0.14594095E-05
eigenvalues of small matrix iteration = 7                                       
 col          1
     0.38094381E+01
     0.74541247E+01
     0.11946229E+02
     0.17960227E+02
     0.11674235E+03
     0.34589926E+03
     0.41781302E+03

     cycle =    7  no. vectors =    7

 exponentiating at delta t =  0.10000000E-01

 overlap               =  0.52435699E-07
eigenvalues of small matrix iteration = 8                                       
 col          1
     0.35183325E+01
     0.69409297E+01
     0.11136135E+02
     0.16667438E+02
     0.31747677E+02
     0.11743520E+03
     0.41760414E+03
     0.41930894E+03

     cycle =    8  no. vectors =    8

 exponentiating at delta t =  0.10000000E-01

 overlap               =  0.11688245E-07
eigenvalues of small matrix iteration = 9                                       
 col          1
     0.32319111E+01
     0.64151957E+01
     0.10256813E+02
     0.15099835E+02
     0.22070852E+02
     0.79161786E+02
     0.11754315E+03
     0.41764630E+03
     0.41969386E+03

     cycle =    9  no. vectors =    9

 exponentiating at delta t =  0.10000000E-01

 overlap               =  0.41777970E-09
eigenvalues of small matrix iteration = 10                                      
 col          1
     0.31233156E+01
     0.62180153E+01
     0.99350971E+01
     0.14560837E+02
     0.20854511E+02
     0.68766592E+02
     0.11750756E+03
     0.21803956E+03
     0.41764719E+03
     0.41970403E+03

     cycle =   10  no. vectors =   10

 exponentiating at delta t =  0.10000000E-01

 overlap               =  0.20646948E-10

     done with iteration:return

 Time                      =  0.20000000E-01
 Exact <x>                 = -0.80000000E-01
 Calculated <x>            = -0.79999201E-01
 Exact <x*x> - <x><x>      =  0.70724819E+00
 Calculated <x*x> - <x><x> =  0.70724822E+00

 <psi_0|psi_t>                      =   0.984819602621E+00  -0.163969469008E+00
 <psi_0|psi_t> Conjg(<psi_0|psi_t>) =   0.996755636473E+00

 <psi_t|x|psi_t>                    =  -0.799992010749E-01
 sqrt( <psi_t|x*x|psi_t> - <psi_t|x|psi_t> * <psi_t|x|psi_t> ) =   0.707248221956E+00

     Time Step           =      2     Time =      0.02000000
     Normalization       =  0.10000000E+01     Survival Probablity =  0.32443635E-02
************************************************************************

     beginning arnoldi iterations:
     initial error =  0.10000000E+11
************************************************************************

     beginning arnoldi iterations:
     initial error =  0.10000000E+11

     using    1 trial vectors
eigenvalues of small matrix iteration = 1                                       
 col          1
     0.82499864E+01

     cycle =    1  no. vectors =    1

 exponentiating at delta t =  0.10000000E-01
eigenvalues of small matrix iteration = 2                                       
 col          1
     0.60503401E+01
     0.11943737E+02

     cycle =    2  no. vectors =    2

 exponentiating at delta t =  0.10000000E-01

 overlap               =  0.28503058E-01
eigenvalues of small matrix iteration = 3                                       
 col          1
     0.54613195E+01
     0.10711371E+02
     0.19985998E+02

     cycle =    3  no. vectors =    3

 exponentiating at delta t =  0.10000000E-01

 overlap               =  0.59418264E-03
eigenvalues of small matrix iteration = 4                                       
 col          1
     0.48179691E+01
     0.93356732E+01
     0.15342139E+02
     0.40473754E+03

     cycle =    4  no. vectors =    4

 exponentiating at delta t =  0.10000000E-01

 overlap               =  0.76022930E-04
eigenvalues of small matrix iteration = 5                                       
 col          1
     0.46239220E+01
     0.90012958E+01
     0.14813472E+02
     0.78011185E+02
     0.41752636E+03

     cycle =    5  no. vectors =    5

 exponentiating at delta t =  0.10000000E-01

 overlap               =  0.13481548E-04
eigenvalues of small matrix iteration = 6                                       
 col          1
     0.39015880E+01
     0.76142811E+01
     0.12196155E+02
     0.18357818E+02
     0.11753607E+03
     0.41780779E+03

     cycle =    6  no. vectors =    6

 exponentiating at delta t =  0.10000000E-01

 overlap               =  0.14594095E-05
eigenvalues of small matrix iteration = 7                                       
 col          1
     0.38094381E+01
     0.74541247E+01
     0.11946229E+02
     0.17960227E+02
     0.11674235E+03
     0.34589921E+03
     0.41781302E+03

     cycle =    7  no. vectors =    7

 exponentiating at delta t =  0.10000000E-01

 overlap               =  0.52435680E-07
eigenvalues of small matrix iteration = 8                                       
 col          1
     0.35183325E+01
     0.69409297E+01
     0.11136135E+02
     0.16667438E+02
     0.31747677E+02
     0.11743520E+03
     0.41760414E+03
     0.41930894E+03

     cycle =    8  no. vectors =    8

 exponentiating at delta t =  0.10000000E-01

 overlap               =  0.11688244E-07
eigenvalues of small matrix iteration = 9                                       
 col          1
     0.32319111E+01
     0.64151957E+01
     0.10256813E+02
     0.15099835E+02
     0.22070852E+02
     0.79161786E+02
     0.11754315E+03
     0.41764630E+03
     0.41969386E+03

     cycle =    9  no. vectors =    9

 exponentiating at delta t =  0.10000000E-01

 overlap               =  0.41777975E-09
eigenvalues of small matrix iteration = 10                                      
 col          1
     0.31233155E+01
     0.62180153E+01
     0.99350971E+01
     0.14560837E+02
     0.20854511E+02
     0.68766591E+02
     0.11750756E+03
     0.21803952E+03
     0.41764719E+03
     0.41970403E+03

     cycle =   10  no. vectors =   10

 exponentiating at delta t =  0.10000000E-01

 overlap               =  0.20646932E-10

     done with iteration:return

 Time                      =  0.30000000E-01
 Exact <x>                 = -0.12000000E+00
 Calculated <x>            = -0.11999876E+00
 Exact <x*x> - <x><x>      =  0.70742491E+00
 Calculated <x*x> - <x><x> =  0.70742495E+00

 <psi_0|psi_t>                      =   0.966003802123E+00  -0.244033930295E+00
 <psi_0|psi_t> Conjg(<psi_0|psi_t>) =   0.992715904852E+00

 <psi_t|x|psi_t>                    =  -0.119998761051E+00
 sqrt( <psi_t|x*x|psi_t> - <psi_t|x|psi_t> * <psi_t|x|psi_t> ) =   0.707424946922E+00

     Time Step           =      3     Time =      0.03000000
     Normalization       =  0.10000000E+01     Survival Probablity =  0.72840951E-02
************************************************************************

     beginning arnoldi iterations:
     initial error =  0.10000000E+11
************************************************************************

     beginning arnoldi iterations:
     initial error =  0.10000000E+11

     using    1 trial vectors
eigenvalues of small matrix iteration = 1                                       
 col          1
     0.82499864E+01

     cycle =    1  no. vectors =    1

 exponentiating at delta t =  0.10000000E-01
eigenvalues of small matrix iteration = 2                                       
 col          1
     0.60503401E+01
     0.11943737E+02

     cycle =    2  no. vectors =    2

 exponentiating at delta t =  0.10000000E-01

 overlap               =  0.28503058E-01
eigenvalues of small matrix iteration = 3                                       
 col          1
     0.54613195E+01
     0.10711371E+02
     0.19985998E+02

     cycle =    3  no. vectors =    3

 exponentiating at delta t =  0.10000000E-01

 overlap               =  0.59418264E-03
eigenvalues of small matrix iteration = 4                                       
 col          1
     0.48179691E+01
     0.93356732E+01
     0.15342139E+02
     0.40473754E+03

     cycle =    4  no. vectors =    4

 exponentiating at delta t =  0.10000000E-01

 overlap               =  0.76022930E-04
eigenvalues of small matrix iteration = 5                                       
 col          1
     0.46239220E+01
     0.90012958E+01
     0.14813472E+02
     0.78011185E+02
     0.41752636E+03

     cycle =    5  no. vectors =    5

 exponentiating at delta t =  0.10000000E-01

 overlap               =  0.13481548E-04
eigenvalues of small matrix iteration = 6                                       
 col          1
     0.39015879E+01
     0.76142811E+01
     0.12196155E+02
     0.18357818E+02
     0.11753607E+03
     0.41780779E+03

     cycle =    6  no. vectors =    6

 exponentiating at delta t =  0.10000000E-01

 overlap               =  0.14594095E-05
eigenvalues of small matrix iteration = 7                                       
 col          1
     0.38094381E+01
     0.74541247E+01
     0.11946229E+02
     0.17960227E+02
     0.11674235E+03
     0.34589915E+03
     0.41781302E+03

     cycle =    7  no. vectors =    7

 exponentiating at delta t =  0.10000000E-01

 overlap               =  0.52435662E-07
eigenvalues of small matrix iteration = 8                                       
 col          1
     0.35183325E+01
     0.69409297E+01
     0.11136135E+02
     0.16667438E+02
     0.31747677E+02
     0.11743520E+03
     0.41760414E+03
     0.41930893E+03

     cycle =    8  no. vectors =    8

 exponentiating at delta t =  0.10000000E-01

 overlap               =  0.11688243E-07
eigenvalues of small matrix iteration = 9                                       
 col          1
     0.32319111E+01
     0.64151957E+01
     0.10256813E+02
     0.15099835E+02
     0.22070851E+02
     0.79161786E+02
     0.11754315E+03
     0.41764630E+03
     0.41969386E+03

     cycle =    9  no. vectors =    9

 exponentiating at delta t =  0.10000000E-01

 overlap               =  0.41777988E-09
eigenvalues of small matrix iteration = 10                                      
 col          1
     0.31233155E+01
     0.62180153E+01
     0.99350970E+01
     0.14560837E+02
     0.20854511E+02
     0.68766589E+02
     0.11750756E+03
     0.21803948E+03
     0.41764719E+03
     0.41970403E+03

     cycle =   10  no. vectors =   10

 exponentiating at delta t =  0.10000000E-01

 overlap               =  0.20646920E-10

     done with iteration:return

 Time                      =  0.40000000E-01
 Exact <x>                 = -0.16000000E+00
 Calculated <x>            = -0.15999831E+00
 Exact <x*x> - <x><x>      =  0.70767224E+00
 Calculated <x*x> - <x><x> =  0.70767225E+00

 <psi_0|psi_t>                      =   0.939957347507E+00  -0.321822384383E+00
 <psi_0|psi_t> Conjg(<psi_0|psi_t>) =   0.987089462222E+00

 <psi_t|x|psi_t>                    =  -0.159998308813E+00
 sqrt( <psi_t|x*x|psi_t> - <psi_t|x|psi_t> * <psi_t|x|psi_t> ) =   0.707672251783E+00

     Time Step           =      4     Time =      0.04000000
     Normalization       =  0.10000000E+01     Survival Probablity =  0.12910538E-01
************************************************************************

     beginning arnoldi iterations:
     initial error =  0.10000000E+11
************************************************************************

     beginning arnoldi iterations:
     initial error =  0.10000000E+11

     using    1 trial vectors
eigenvalues of small matrix iteration = 1                                       
 col          1
     0.82499864E+01

     cycle =    1  no. vectors =    1

 exponentiating at delta t =  0.10000000E-01
eigenvalues of small matrix iteration = 2                                       
 col          1
     0.60503401E+01
     0.11943737E+02

     cycle =    2  no. vectors =    2

 exponentiating at delta t =  0.10000000E-01

 overlap               =  0.28503058E-01
eigenvalues of small matrix iteration = 3                                       
 col          1
     0.54613195E+01
     0.10711371E+02
     0.19985998E+02

     cycle =    3  no. vectors =    3

 exponentiating at delta t =  0.10000000E-01

 overlap               =  0.59418264E-03
eigenvalues of small matrix iteration = 4                                       
 col          1
     0.48179691E+01
     0.93356732E+01
     0.15342139E+02
     0.40473754E+03

     cycle =    4  no. vectors =    4

 exponentiating at delta t =  0.10000000E-01

 overlap               =  0.76022930E-04
eigenvalues of small matrix iteration = 5                                       
 col          1
     0.46239220E+01
     0.90012958E+01
     0.14813472E+02
     0.78011185E+02
     0.41752636E+03

     cycle =    5  no. vectors =    5

 exponentiating at delta t =  0.10000000E-01

 overlap               =  0.13481548E-04
eigenvalues of small matrix iteration = 6                                       
 col          1
     0.39015879E+01
     0.76142810E+01
     0.12196155E+02
     0.18357818E+02
     0.11753607E+03
     0.41780779E+03

     cycle =    6  no. vectors =    6

 exponentiating at delta t =  0.10000000E-01

 overlap               =  0.14594095E-05
eigenvalues of small matrix iteration = 7                                       
 col          1
     0.38094381E+01
     0.74541247E+01
     0.11946229E+02
     0.17960227E+02
     0.11674235E+03
     0.34589910E+03
     0.41781302E+03

     cycle =    7  no. vectors =    7

 exponentiating at delta t =  0.10000000E-01

 overlap               =  0.52435644E-07
eigenvalues of small matrix iteration = 8                                       
 col          1
     0.35183325E+01
     0.69409297E+01
     0.11136135E+02
     0.16667438E+02
     0.31747677E+02
     0.11743520E+03
     0.41760414E+03
     0.41930893E+03

     cycle =    8  no. vectors =    8

 exponentiating at delta t =  0.10000000E-01

 overlap               =  0.11688242E-07
eigenvalues of small matrix iteration = 9                                       
 col          1
     0.32319110E+01
     0.64151957E+01
     0.10256813E+02
     0.15099835E+02
     0.22070851E+02
     0.79161785E+02
     0.11754315E+03
     0.41764630E+03
     0.41969386E+03

     cycle =    9  no. vectors =    9

 exponentiating at delta t =  0.10000000E-01

 overlap               =  0.41777982E-09
eigenvalues of small matrix iteration = 10                                      
 col          1
     0.31233155E+01
     0.62180153E+01
     0.99350970E+01
     0.14560837E+02
     0.20854510E+02
     0.68766588E+02
     0.11750756E+03
     0.21803944E+03
     0.41764719E+03
     0.41970403E+03

     cycle =   10  no. vectors =   10

 exponentiating at delta t =  0.10000000E-01

 overlap               =  0.20646940E-10

     done with iteration:return

 Time                      =  0.50000000E-01
 Exact <x>                 = -0.20000000E+00
 Calculated <x>            = -0.19999786E+00
 Exact <x*x> - <x><x>      =  0.70799011E+00
 Calculated <x*x> - <x><x> =  0.70799007E+00

 <psi_0|psi_t>                      =   0.906970499621E+00  -0.396622816365E+00
 <psi_0|psi_t> Conjg(<psi_0|psi_t>) =   0.979905145644E+00

 <psi_t|x|psi_t>                    =  -0.199997862954E+00
 sqrt( <psi_t|x*x|psi_t> - <psi_t|x|psi_t> * <psi_t|x|psi_t> ) =   0.707990067743E+00

     Time Step           =      5     Time =      0.05000000
     Normalization       =  0.10000000E+01     Survival Probablity =  0.20094854E-01
************************************************************************

     beginning arnoldi iterations:
     initial error =  0.10000000E+11
************************************************************************

     beginning arnoldi iterations:
     initial error =  0.10000000E+11

     using    1 trial vectors
eigenvalues of small matrix iteration = 1                                       
 col          1
     0.82499864E+01

     cycle =    1  no. vectors =    1

 exponentiating at delta t =  0.10000000E-01
eigenvalues of small matrix iteration = 2                                       
 col          1
     0.60503401E+01
     0.11943737E+02

     cycle =    2  no. vectors =    2

 exponentiating at delta t =  0.10000000E-01

 overlap               =  0.28503058E-01
eigenvalues of small matrix iteration = 3                                       
 col          1
     0.54613195E+01
     0.10711371E+02
     0.19985998E+02

     cycle =    3  no. vectors =    3

 exponentiating at delta t =  0.10000000E-01

 overlap               =  0.59418264E-03
eigenvalues of small matrix iteration = 4                                       
 col          1
     0.48179691E+01
     0.93356732E+01
     0.15342139E+02
     0.40473754E+03

     cycle =    4  no. vectors =    4

 exponentiating at delta t =  0.10000000E-01

 overlap               =  0.76022930E-04
eigenvalues of small matrix iteration = 5                                       
 col          1
     0.46239220E+01
     0.90012958E+01
     0.14813472E+02
     0.78011185E+02
     0.41752636E+03

     cycle =    5  no. vectors =    5

 exponentiating at delta t =  0.10000000E-01

 overlap               =  0.13481548E-04
eigenvalues of small matrix iteration = 6                                       
 col          1
     0.39015878E+01
     0.76142809E+01
     0.12196154E+02
     0.18357817E+02
     0.11753607E+03
     0.41780779E+03

     cycle =    6  no. vectors =    6

 exponentiating at delta t =  0.10000000E-01

 overlap               =  0.14594095E-05
eigenvalues of small matrix iteration = 7                                       
 col          1
     0.38094381E+01
     0.74541247E+01
     0.11946229E+02
     0.17960227E+02
     0.11674235E+03
     0.34589904E+03
     0.41781302E+03

     cycle =    7  no. vectors =    7

 exponentiating at delta t =  0.10000000E-01

 overlap               =  0.52435626E-07
eigenvalues of small matrix iteration = 8                                       
 col          1
     0.35183325E+01
     0.69409297E+01
     0.11136135E+02
     0.16667438E+02
     0.31747677E+02
     0.11743520E+03
     0.41760414E+03
     0.41930893E+03

     cycle =    8  no. vectors =    8

 exponentiating at delta t =  0.10000000E-01

 overlap               =  0.11688241E-07
eigenvalues of small matrix iteration = 9                                       
 col          1
     0.32319110E+01
     0.64151957E+01
     0.10256813E+02
     0.15099834E+02
     0.22070851E+02
     0.79161785E+02
     0.11754315E+03
     0.41764630E+03
     0.41969386E+03

     cycle =    9  no. vectors =    9

 exponentiating at delta t =  0.10000000E-01

 overlap               =  0.41777975E-09
eigenvalues of small matrix iteration = 10                                      
 col          1
     0.31233155E+01
     0.62180153E+01
     0.99350969E+01
     0.14560837E+02
     0.20854510E+02
     0.68766587E+02
     0.11750756E+03
     0.21803940E+03
     0.41764719E+03
     0.41970403E+03

     cycle =   10  no. vectors =   10

 exponentiating at delta t =  0.10000000E-01

 overlap               =  0.20646924E-10

     done with iteration:return

 Time                      =  0.60000000E-01
 Exact <x>                 = -0.24000000E+00
 Calculated <x>            = -0.23999743E+00
 Exact <x*x> - <x><x>      =  0.70837843E+00
 Calculated <x*x> - <x><x> =  0.70837832E+00

 <psi_0|psi_t>                      =   0.867408872208E+00  -0.467762146685E+00
 <psi_0|psi_t> Conjg(<psi_0|psi_t>) =   0.971199577456E+00

 <psi_t|x|psi_t>                    =  -0.239997425136E+00
 sqrt( <psi_t|x*x|psi_t> - <psi_t|x|psi_t> * <psi_t|x|psi_t> ) =   0.708378319920E+00

     Time Step           =      6     Time =      0.06000000
     Normalization       =  0.10000000E+01     Survival Probablity =  0.28800423E-01
************************************************************************

     beginning arnoldi iterations:
     initial error =  0.10000000E+11
************************************************************************

     beginning arnoldi iterations:
     initial error =  0.10000000E+11

     using    1 trial vectors
eigenvalues of small matrix iteration = 1                                       
 col          1
     0.82499864E+01

     cycle =    1  no. vectors =    1

 exponentiating at delta t =  0.10000000E-01
eigenvalues of small matrix iteration = 2                                       
 col          1
     0.60503401E+01
     0.11943737E+02

     cycle =    2  no. vectors =    2

 exponentiating at delta t =  0.10000000E-01

 overlap               =  0.28503058E-01
eigenvalues of small matrix iteration = 3                                       
 col          1
     0.54613195E+01
     0.10711371E+02
     0.19985998E+02

     cycle =    3  no. vectors =    3

 exponentiating at delta t =  0.10000000E-01

 overlap               =  0.59418264E-03
eigenvalues of small matrix iteration = 4                                       
 col          1
     0.48179691E+01
     0.93356732E+01
     0.15342139E+02
     0.40473754E+03

     cycle =    4  no. vectors =    4

 exponentiating at delta t =  0.10000000E-01

 overlap               =  0.76022930E-04
eigenvalues of small matrix iteration = 5                                       
 col          1
     0.46239220E+01
     0.90012958E+01
     0.14813472E+02
     0.78011185E+02
     0.41752636E+03

     cycle =    5  no. vectors =    5

 exponentiating at delta t =  0.10000000E-01

 overlap               =  0.13481548E-04
eigenvalues of small matrix iteration = 6                                       
 col          1
     0.39015878E+01
     0.76142808E+01
     0.12196154E+02
     0.18357817E+02
     0.11753607E+03
     0.41780779E+03

     cycle =    6  no. vectors =    6

 exponentiating at delta t =  0.10000000E-01

 overlap               =  0.14594095E-05
eigenvalues of small matrix iteration = 7                                       
 col          1
     0.38094381E+01
     0.74541247E+01
     0.11946229E+02
     0.17960227E+02
     0.11674235E+03
     0.34589899E+03
     0.41781302E+03

     cycle =    7  no. vectors =    7

 exponentiating at delta t =  0.10000000E-01

 overlap               =  0.52435608E-07
eigenvalues of small matrix iteration = 8                                       
 col          1
     0.35183325E+01
     0.69409297E+01
     0.11136135E+02
     0.16667438E+02
     0.31747677E+02
     0.11743520E+03
     0.41760414E+03
     0.41930893E+03

     cycle =    8  no. vectors =    8

 exponentiating at delta t =  0.10000000E-01

 overlap               =  0.11688240E-07
eigenvalues of small matrix iteration = 9                                       
 col          1
     0.32319110E+01
     0.64151957E+01
     0.10256813E+02
     0.15099834E+02
     0.22070851E+02
     0.79161785E+02
     0.11754315E+03
     0.41764630E+03
     0.41969386E+03

     cycle =    9  no. vectors =    9

 exponentiating at delta t =  0.10000000E-01

 overlap               =  0.41777989E-09
eigenvalues of small matrix iteration = 10                                      
 col          1
     0.31233155E+01
     0.62180152E+01
     0.99350969E+01
     0.14560837E+02
     0.20854510E+02
     0.68766586E+02
     0.11750756E+03
     0.21803937E+03
     0.41764719E+03
     0.41970403E+03

     cycle =   10  no. vectors =   10

 exponentiating at delta t =  0.10000000E-01

 overlap               =  0.20647058E-10

     done with iteration:return

 Time                      =  0.70000000E-01
 Exact <x>                 = -0.28000000E+00
 Calculated <x>            = -0.27999698E+00
 Exact <x*x> - <x><x>      =  0.70883708E+00
 Calculated <x*x> - <x><x> =  0.70883691E+00

 <psi_0|psi_t>                      =   0.821707960633E+00  -0.534614704027E+00
 <psi_0|psi_t> Conjg(<psi_0|psi_t>) =   0.961016854330E+00

 <psi_t|x|psi_t>                    =  -0.279996980514E+00
 sqrt( <psi_t|x*x|psi_t> - <psi_t|x|psi_t> * <psi_t|x|psi_t> ) =   0.708836905477E+00

     Time Step           =      7     Time =      0.07000000
     Normalization       =  0.10000000E+01     Survival Probablity =  0.38983146E-01
************************************************************************

     beginning arnoldi iterations:
     initial error =  0.10000000E+11
************************************************************************

     beginning arnoldi iterations:
     initial error =  0.10000000E+11

     using    1 trial vectors
eigenvalues of small matrix iteration = 1                                       
 col          1
     0.82499864E+01

     cycle =    1  no. vectors =    1

 exponentiating at delta t =  0.10000000E-01
eigenvalues of small matrix iteration = 2                                       
 col          1
     0.60503401E+01
     0.11943737E+02

     cycle =    2  no. vectors =    2

 exponentiating at delta t =  0.10000000E-01

 overlap               =  0.28503058E-01
eigenvalues of small matrix iteration = 3                                       
 col          1
     0.54613195E+01
     0.10711371E+02
     0.19985998E+02

     cycle =    3  no. vectors =    3

 exponentiating at delta t =  0.10000000E-01

 overlap               =  0.59418264E-03
eigenvalues of small matrix iteration = 4                                       
 col          1
     0.48179691E+01
     0.93356732E+01
     0.15342139E+02
     0.40473754E+03

     cycle =    4  no. vectors =    4

 exponentiating at delta t =  0.10000000E-01

 overlap               =  0.76022930E-04
eigenvalues of small matrix iteration = 5                                       
 col          1
     0.46239220E+01
     0.90012958E+01
     0.14813472E+02
     0.78011185E+02
     0.41752636E+03

     cycle =    5  no. vectors =    5

 exponentiating at delta t =  0.10000000E-01

 overlap               =  0.13481548E-04
eigenvalues of small matrix iteration = 6                                       
 col          1
     0.39015877E+01
     0.76142807E+01
     0.12196154E+02
     0.18357817E+02
     0.11753607E+03
     0.41780779E+03

     cycle =    6  no. vectors =    6

 exponentiating at delta t =  0.10000000E-01

 overlap               =  0.14594095E-05
eigenvalues of small matrix iteration = 7                                       
 col          1
     0.38094381E+01
     0.74541247E+01
     0.11946229E+02
     0.17960227E+02
     0.11674235E+03
     0.34589893E+03
     0.41781302E+03

     cycle =    7  no. vectors =    7

 exponentiating at delta t =  0.10000000E-01

 overlap               =  0.52435589E-07
eigenvalues of small matrix iteration = 8                                       
 col          1
     0.35183325E+01
     0.69409297E+01
     0.11136135E+02
     0.16667438E+02
     0.31747677E+02
     0.11743520E+03
     0.41760414E+03
     0.41930893E+03

     cycle =    8  no. vectors =    8

 exponentiating at delta t =  0.10000000E-01

 overlap               =  0.11688239E-07
eigenvalues of small matrix iteration = 9                                       
 col          1
     0.32319110E+01
     0.64151957E+01
     0.10256813E+02
     0.15099834E+02
     0.22070851E+02
     0.79161785E+02
     0.11754315E+03
     0.41764630E+03
     0.41969386E+03

     cycle =    9  no. vectors =    9

 exponentiating at delta t =  0.10000000E-01

 overlap               =  0.41777989E-09
eigenvalues of small matrix iteration = 10                                      
 col          1
     0.31233155E+01
     0.62180152E+01
     0.99350969E+01
     0.14560837E+02
     0.20854510E+02
     0.68766585E+02
     0.11750756E+03
     0.21803933E+03
     0.41764719E+03
     0.41970403E+03

     cycle =   10  no. vectors =   10

 exponentiating at delta t =  0.10000000E-01

 overlap               =  0.20646911E-10

     done with iteration:return

 Time                      =  0.80000000E-01
 Exact <x>                 = -0.32000000E+00
 Calculated <x>            = -0.31999651E+00
 Exact <x*x> - <x><x>      =  0.70936591E+00
 Calculated <x*x> - <x><x> =  0.70936568E+00

 <psi_0|psi_t>                      =   0.770366661852E+00  -0.596609895069E+00
 <psi_0|psi_t> Conjg(<psi_0|psi_t>) =   0.949408160587E+00

 <psi_t|x|psi_t>                    =  -0.319996511490E+00
 sqrt( <psi_t|x*x|psi_t> - <psi_t|x|psi_t> * <psi_t|x|psi_t> ) =   0.709365677777E+00

     Time Step           =      8     Time =      0.08000000
     Normalization       =  0.10000000E+01     Survival Probablity =  0.50591839E-01
************************************************************************

     beginning arnoldi iterations:
     initial error =  0.10000000E+11
************************************************************************

     beginning arnoldi iterations:
     initial error =  0.10000000E+11

     using    1 trial vectors
eigenvalues of small matrix iteration = 1                                       
 col          1
     0.82499864E+01

     cycle =    1  no. vectors =    1

 exponentiating at delta t =  0.10000000E-01
eigenvalues of small matrix iteration = 2                                       
 col          1
     0.60503401E+01
     0.11943737E+02

     cycle =    2  no. vectors =    2

 exponentiating at delta t =  0.10000000E-01

 overlap               =  0.28503058E-01
eigenvalues of small matrix iteration = 3                                       
 col          1
     0.54613195E+01
     0.10711371E+02
     0.19985998E+02

     cycle =    3  no. vectors =    3

 exponentiating at delta t =  0.10000000E-01

 overlap               =  0.59418264E-03
eigenvalues of small matrix iteration = 4                                       
 col          1
     0.48179691E+01
     0.93356732E+01
     0.15342139E+02
     0.40473754E+03

     cycle =    4  no. vectors =    4

 exponentiating at delta t =  0.10000000E-01

 overlap               =  0.76022930E-04
eigenvalues of small matrix iteration = 5                                       
 col          1
     0.46239220E+01
     0.90012958E+01
     0.14813472E+02
     0.78011185E+02
     0.41752636E+03

     cycle =    5  no. vectors =    5

 exponentiating at delta t =  0.10000000E-01

 overlap               =  0.13481548E-04
eigenvalues of small matrix iteration = 6                                       
 col          1
     0.39015877E+01
     0.76142806E+01
     0.12196154E+02
     0.18357817E+02
     0.11753607E+03
     0.41780779E+03

     cycle =    6  no. vectors =    6

 exponentiating at delta t =  0.10000000E-01

 overlap               =  0.14594095E-05
eigenvalues of small matrix iteration = 7                                       
 col          1
     0.38094381E+01
     0.74541246E+01
     0.11946229E+02
     0.17960227E+02
     0.11674235E+03
     0.34589888E+03
     0.41781302E+03

     cycle =    7  no. vectors =    7

 exponentiating at delta t =  0.10000000E-01

 overlap               =  0.52435571E-07
eigenvalues of small matrix iteration = 8                                       
 col          1
     0.35183325E+01
     0.69409297E+01
     0.11136135E+02
     0.16667438E+02
     0.31747677E+02
     0.11743520E+03
     0.41760414E+03
     0.41930893E+03

     cycle =    8  no. vectors =    8

 exponentiating at delta t =  0.10000000E-01

 overlap               =  0.11688238E-07
eigenvalues of small matrix iteration = 9                                       
 col          1
     0.32319110E+01
     0.64151957E+01
     0.10256813E+02
     0.15099834E+02
     0.22070851E+02
     0.79161785E+02
     0.11754315E+03
     0.41764630E+03
     0.41969386E+03

     cycle =    9  no. vectors =    9

 exponentiating at delta t =  0.10000000E-01

 overlap               =  0.41777981E-09
eigenvalues of small matrix iteration = 10                                      
 col          1
     0.31233155E+01
     0.62180152E+01
     0.99350968E+01
     0.14560837E+02
     0.20854510E+02
     0.68766584E+02
     0.11750756E+03
     0.21803929E+03
     0.41764719E+03
     0.41970402E+03

     cycle =   10  no. vectors =   10

 exponentiating at delta t =  0.10000000E-01

 overlap               =  0.20646987E-10

     done with iteration:return

 Time                      =  0.90000000E-01
 Exact <x>                 = -0.36000000E+00
 Calculated <x>            = -0.35999602E+00
 Exact <x*x> - <x><x>      =  0.70996479E+00
 Calculated <x*x> - <x><x> =  0.70996446E+00

 <psi_0|psi_t>                      =   0.713939908651E+00  -0.653238937073E+00
 <psi_0|psi_t> Conjg(<psi_0|psi_t>) =   0.936431302073E+00

 <psi_t|x|psi_t>                    =  -0.359996016293E+00
 sqrt( <psi_t|x*x|psi_t> - <psi_t|x|psi_t> * <psi_t|x|psi_t> ) =   0.709964456764E+00

     Time Step           =      9     Time =      0.09000000
     Normalization       =  0.10000000E+01     Survival Probablity =  0.63568698E-01
************************************************************************

     beginning arnoldi iterations:
     initial error =  0.10000000E+11
************************************************************************

     beginning arnoldi iterations:
     initial error =  0.10000000E+11

     using    1 trial vectors
eigenvalues of small matrix iteration = 1                                       
 col          1
     0.82499864E+01

     cycle =    1  no. vectors =    1

 exponentiating at delta t =  0.10000000E-01
eigenvalues of small matrix iteration = 2                                       
 col          1
     0.60503401E+01
     0.11943737E+02

     cycle =    2  no. vectors =    2

 exponentiating at delta t =  0.10000000E-01

 overlap               =  0.28503058E-01
eigenvalues of small matrix iteration = 3                                       
 col          1
     0.54613195E+01
     0.10711371E+02
     0.19985998E+02

     cycle =    3  no. vectors =    3

 exponentiating at delta t =  0.10000000E-01

 overlap               =  0.59418264E-03
eigenvalues of small matrix iteration = 4                                       
 col          1
     0.48179691E+01
     0.93356732E+01
     0.15342139E+02
     0.40473754E+03

     cycle =    4  no. vectors =    4

 exponentiating at delta t =  0.10000000E-01

 overlap               =  0.76022930E-04
eigenvalues of small matrix iteration = 5                                       
 col          1
     0.46239220E+01
     0.90012958E+01
     0.14813472E+02
     0.78011185E+02
     0.41752636E+03

     cycle =    5  no. vectors =    5

 exponentiating at delta t =  0.10000000E-01

 overlap               =  0.13481548E-04
eigenvalues of small matrix iteration = 6                                       
 col          1
     0.39015876E+01
     0.76142805E+01
     0.12196154E+02
     0.18357816E+02
     0.11753607E+03
     0.41780779E+03

     cycle =    6  no. vectors =    6

 exponentiating at delta t =  0.10000000E-01

 overlap               =  0.14594095E-05
eigenvalues of small matrix iteration = 7                                       
 col          1
     0.38094380E+01
     0.74541246E+01
     0.11946229E+02
     0.17960227E+02
     0.11674235E+03
     0.34589882E+03
     0.41781302E+03

     cycle =    7  no. vectors =    7

 exponentiating at delta t =  0.10000000E-01

 overlap               =  0.52435553E-07
eigenvalues of small matrix iteration = 8                                       
 col          1
     0.35183325E+01
     0.69409297E+01
     0.11136135E+02
     0.16667438E+02
     0.31747677E+02
     0.11743520E+03
     0.41760414E+03
     0.41930893E+03

     cycle =    8  no. vectors =    8

 exponentiating at delta t =  0.10000000E-01

 overlap               =  0.11688237E-07
eigenvalues of small matrix iteration = 9                                       
 col          1
     0.32319110E+01
     0.64151957E+01
     0.10256813E+02
     0.15099834E+02
     0.22070851E+02
     0.79161784E+02
     0.11754315E+03
     0.41764630E+03
     0.41969386E+03

     cycle =    9  no. vectors =    9

 exponentiating at delta t =  0.10000000E-01

 overlap               =  0.41777983E-09
eigenvalues of small matrix iteration = 10                                      
 col          1
     0.31233154E+01
     0.62180152E+01
     0.99350968E+01
     0.14560837E+02
     0.20854510E+02
     0.68766583E+02
     0.11750755E+03
     0.21803925E+03
     0.41764719E+03
     0.41970402E+03

     cycle =   10  no. vectors =   10

 exponentiating at delta t =  0.10000000E-01

 overlap               =  0.20646848E-10

     done with iteration:return

 Time                      =  0.10000000E+00
 Exact <x>                 = -0.40000000E+00
 Calculated <x>            = -0.39999552E+00
 Exact <x*x> - <x><x>      =  0.71063352E+00
 Calculated <x*x> - <x><x> =  0.71063305E+00

 <psi_0|psi_t>                      =   0.653030574357E+00  -0.704060549568E+00
 <psi_0|psi_t> Conjg(<psi_0|psi_t>) =   0.922150188503E+00

 <psi_t|x|psi_t>                    =  -0.399995515612E+00
 sqrt( <psi_t|x*x|psi_t> - <psi_t|x|psi_t> * <psi_t|x|psi_t> ) =   0.710633046867E+00

     Time Step           =     10     Time =      0.10000000
     Normalization       =  0.10000000E+01     Survival Probablity =  0.77849811E-01
************************************************************************

                    End Arnoldi Propagation
************************************************************************
************************************************************************
          Time for the Arnoldi propagation       =      0.03906250
************************************************************************
