

     energy =  0.32000000E+01 k-matrix = -0.72604443E+00 phase shift= -0.62799244E+00

     energy =  0.32050000E+01 k-matrix = -0.72447732E+00 phase shift= -0.62696550E+00

     energy =  0.32100000E+01 k-matrix = -0.72279935E+00 phase shift= -0.62586422E+00

     energy =  0.32150000E+01 k-matrix = -0.72100476E+00 phase shift= -0.62468446E+00

     energy =  0.32200000E+01 k-matrix = -0.71908726E+00 phase shift= -0.62342167E+00

     energy =  0.32250000E+01 k-matrix = -0.71703997E+00 phase shift= -0.62207088E+00

     energy =  0.32300000E+01 k-matrix = -0.71485536E+00 phase shift= -0.62062658E+00

     energy =  0.32350000E+01 k-matrix = -0.71252515E+00 phase shift= -0.61908274E+00

     energy =  0.32400000E+01 k-matrix = -0.71004022E+00 phase shift= -0.61743263E+00

     energy =  0.32450000E+01 k-matrix = -0.70739051E+00 phase shift= -0.61566884E+00

     energy =  0.32500000E+01 k-matrix = -0.70456488E+00 phase shift= -0.61378308E+00

     energy =  0.32550000E+01 k-matrix = -0.70155098E+00 phase shift= -0.61176613E+00

     energy =  0.32600000E+01 k-matrix = -0.69833504E+00 phase shift= -0.60960767E+00

     energy =  0.32650000E+01 k-matrix = -0.69490173E+00 phase shift= -0.60729611E+00

     energy =  0.32700000E+01 k-matrix = -0.69123386E+00 phase shift= -0.60481839E+00

     energy =  0.32750000E+01 k-matrix = -0.68731211E+00 phase shift= -0.60215975E+00

     energy =  0.32800000E+01 k-matrix = -0.68311472E+00 phase shift= -0.59930345E+00

     energy =  0.32850000E+01 k-matrix = -0.67861706E+00 phase shift= -0.59623039E+00

     energy =  0.32900000E+01 k-matrix = -0.67379113E+00 phase shift= -0.59291872E+00

     energy =  0.32950000E+01 k-matrix = -0.66860500E+00 phase shift= -0.58934333E+00

     energy =  0.33000000E+01 k-matrix = -0.66302206E+00 phase shift= -0.58547517E+00

     energy =  0.33050000E+01 k-matrix = -0.65700015E+00 phase shift= -0.58128051E+00

     energy =  0.33100000E+01 k-matrix = -0.65049045E+00 phase shift= -0.57671992E+00

     energy =  0.33150000E+01 k-matrix = -0.64343612E+00 phase shift= -0.57174705E+00

     energy =  0.33200000E+01 k-matrix = -0.63577059E+00 phase shift= -0.56630700E+00

     energy =  0.33250000E+01 k-matrix = -0.62741537E+00 phase shift= -0.56033432E+00

     energy =  0.33300000E+01 k-matrix = -0.61827723E+00 phase shift= -0.55375035E+00

     energy =  0.33350000E+01 k-matrix = -0.60824465E+00 phase shift= -0.54645970E+00

     energy =  0.33400000E+01 k-matrix = -0.59718301E+00 phase shift= -0.53834561E+00

     energy =  0.33450000E+01 k-matrix = -0.58492834E+00 phase shift= -0.52926368E+00

     energy =  0.33500000E+01 k-matrix = -0.57127882E+00 phase shift= -0.51903322E+00

     energy =  0.33550000E+01 k-matrix = -0.55598325E+00 phase shift= -0.50742527E+00

     energy =  0.33600000E+01 k-matrix = -0.53872489E+00 phase shift= -0.49414550E+00

     energy =  0.33650000E+01 k-matrix = -0.51909862E+00 phase shift= -0.47880950E+00

     energy =  0.33700000E+01 k-matrix = -0.49657784E+00 phase shift= -0.46090614E+00

     energy =  0.33750000E+01 k-matrix = -0.47046521E+00 phase shift= -0.43974186E+00

     energy =  0.33800000E+01 k-matrix = -0.43981732E+00 phase shift= -0.41435382E+00

     energy =  0.33850000E+01 k-matrix = -0.40332572E+00 phase shift= -0.38337008E+00

     energy =  0.33900000E+01 k-matrix = -0.35912139E+00 phase shift= -0.34477755E+00

     energy =  0.33950000E+01 k-matrix = -0.30443858E+00 phase shift= -0.29552389E+00

     energy =  0.34000000E+01 k-matrix = -0.23500370E+00 phase shift= -0.23081546E+00

     energy =  0.34050000E+01 k-matrix = -0.14384558E+00 phase shift= -0.14286559E+00

     energy =  0.34100000E+01 k-matrix = -0.18768299E-01 phase shift= -0.18766096E-01

     energy =  0.34150000E+01 k-matrix =  0.16367236E+00 phase shift=  0.16223389E+00

     energy =  0.34200000E+01 k-matrix =  0.45502267E+00 phase shift=  0.42702292E+00

     energy =  0.34250000E+01 k-matrix =  0.99505497E+00 phase shift=  0.78291953E+00

     energy =  0.34300000E+01 k-matrix =  0.23417053E+01 phase shift=  0.11671997E+01

     energy =  0.34350000E+01 k-matrix =  0.11675081E+02 phase shift=  0.14853524E+01

     energy =  0.34400000E+01 k-matrix = -0.71443241E+01 phase shift= -0.14317286E+01

     energy =  0.34450000E+01 k-matrix = -0.33293921E+01 phase shift= -0.12790138E+01

     energy =  0.34500000E+01 k-matrix = -0.23788881E+01 phase shift= -0.11728586E+01

     energy =  0.34550000E+01 k-matrix = -0.19468148E+01 phase shift= -0.10962809E+01

     energy =  0.34600000E+01 k-matrix = -0.16996156E+01 phase shift= -0.10389734E+01

     energy =  0.34650000E+01 k-matrix = -0.15393386E+01 phase shift= -0.99468150E+00

     energy =  0.34700000E+01 k-matrix = -0.14268355E+01 phase shift= -0.95949903E+00

     energy =  0.34750000E+01 k-matrix = -0.13433931E+01 phase shift= -0.93089931E+00

     energy =  0.34800000E+01 k-matrix = -0.12789386E+01 phase shift= -0.90719084E+00

     energy =  0.34850000E+01 k-matrix = -0.12275690E+01 phase shift= -0.88720521E+00

     energy =  0.34900000E+01 k-matrix = -0.11855957E+01 phase shift= -0.87011258E+00

     energy =  0.34950000E+01 k-matrix = -0.11505950E+01 phase shift= -0.85530886E+00

     energy =  0.35000000E+01 k-matrix = -0.11209091E+01 phase shift= -0.84234468E+00

     energy =  0.35050000E+01 k-matrix = -0.10953654E+01 phase shift= -0.83087931E+00

     energy =  0.35100000E+01 k-matrix = -0.10731112E+01 phase shift= -0.82064996E+00

     energy =  0.35150000E+01 k-matrix = -0.10535115E+01 phase shift= -0.81145082E+00

     energy =  0.35200000E+01 k-matrix = -0.10360840E+01 phase shift= -0.80311858E+00

     energy =  0.35250000E+01 k-matrix = -0.10204555E+01 phase shift= -0.79552200E+00

     energy =  0.35300000E+01 k-matrix = -0.10063326E+01 phase shift= -0.78855446E+00

     energy =  0.35350000E+01 k-matrix = -0.99348194E+00 phase shift= -0.78212849E+00

     energy =  0.35400000E+01 k-matrix = -0.98171515E+00 phase shift= -0.77617165E+00

     energy =  0.35450000E+01 k-matrix = -0.97087871E+00 phase shift= -0.77062345E+00

     energy =  0.35500000E+01 k-matrix = -0.96084620E+00 phase shift= -0.76543301E+00

     energy =  0.35550000E+01 k-matrix = -0.95151259E+00 phase shift= -0.76055721E+00

     energy =  0.35600000E+01 k-matrix = -0.94278988E+00 phase shift= -0.75595927E+00

     energy =  0.35650000E+01 k-matrix = -0.93460382E+00 phase shift= -0.75160764E+00

     energy =  0.35700000E+01 k-matrix = -0.92689131E+00 phase shift= -0.74747509E+00

     energy =  0.35750000E+01 k-matrix = -0.91959838E+00 phase shift= -0.74353803E+00

     energy =  0.35800000E+01 k-matrix = -0.91267860E+00 phase shift= -0.73977586E+00

     energy =  0.35850000E+01 k-matrix = -0.90609181E+00 phase shift= -0.73617057E+00

     energy =  0.35900000E+01 k-matrix = -0.89980312E+00 phase shift= -0.73270632E+00

     energy =  0.35950000E+01 k-matrix = -0.89378205E+00 phase shift= -0.72936913E+00

     energy =  0.36000000E+01 k-matrix = -0.88800185E+00 phase shift= -0.72614660E+00

     energy =  0.36050000E+01 k-matrix = -0.88243897E+00 phase shift= -0.72302772E+00

     energy =  0.36100000E+01 k-matrix = -0.87707260E+00 phase shift= -0.72000266E+00

     energy =  0.36150000E+01 k-matrix = -0.87188426E+00 phase shift= -0.71706261E+00

     energy =  0.36200000E+01 k-matrix = -0.86685750E+00 phase shift= -0.71419967E+00

     energy =  0.36250000E+01 k-matrix = -0.86197763E+00 phase shift= -0.71140673E+00

     energy =  0.36300000E+01 k-matrix = -0.85723149E+00 phase shift= -0.70867737E+00

     energy =  0.36350000E+01 k-matrix = -0.85260726E+00 phase shift= -0.70600577E+00

     energy =  0.36400000E+01 k-matrix = -0.84809428E+00 phase shift= -0.70338666E+00

     energy =  0.36450000E+01 k-matrix = -0.84368294E+00 phase shift= -0.70081524E+00

     energy =  0.36500000E+01 k-matrix = -0.83936454E+00 phase shift= -0.69828713E+00

     energy =  0.36550000E+01 k-matrix = -0.83513116E+00 phase shift= -0.69579835E+00

     energy =  0.36600000E+01 k-matrix = -0.83097564E+00 phase shift= -0.69334524E+00

     energy =  0.36650000E+01 k-matrix = -0.82689143E+00 phase shift= -0.69092443E+00

     energy =  0.36700000E+01 k-matrix = -0.82287255E+00 phase shift= -0.68853285E+00

     energy =  0.36750000E+01 k-matrix = -0.81891355E+00 phase shift= -0.68616767E+00

     energy =  0.36800000E+01 k-matrix = -0.81500941E+00 phase shift= -0.68382625E+00

     energy =  0.36850000E+01 k-matrix = -0.81115555E+00 phase shift= -0.68150619E+00

     energy =  0.36900000E+01 k-matrix = -0.80734775E+00 phase shift= -0.67920525E+00

     energy =  0.36950000E+01 k-matrix = -0.80358212E+00 phase shift= -0.67692135E+00

     energy =  0.37000000E+01 k-matrix = -0.79985507E+00 phase shift= -0.67465257E+00
 summary:
     link   entries               charges          core use      
                          cpu       sys      io         
        1         1       0.0       0.0       0.0         0
     1102         1       0.3       0.0       0.0         0
             total:       0.3       0.0       0.0         0
