************************************************************************
                         Coulomb Functions
************************************************************************

     Energy                    =  0.10000000E+01 k(kappa)      =  0.14142136E+01
     Smallest Angular Momentum =   0 Largest Angular Momentum  =   0
     Eta  = -0.70710678E+00
 
           the a and b short range expansion coefficients for L = 0  
 
      ia          a           ib          b
       1    0.10000000E+01     0    0.10000000E+01
       2   -0.70710678E+00     1    0.00000000E+00
       3   -0.37007434E-16     2   -0.20000000E+01
       4    0.58925565E-01     3    0.47140452E+00
       5   -0.41666667E-02     4    0.15972222E+00
       6   -0.17677670E-02     5   -0.37515943E-01
       7    0.15873016E-03     6   -0.44722222E-02
       8    0.27558725E-04     7    0.11133057E-02
       9   -0.27458900E-05     8    0.62185340E-04
      10   -0.26306056E-06     9   -0.17600899E-04
      11    0.28344671E-07    10   -0.49291514E-06
      12    0.16892056E-08    11    0.17399800E-06
      13   -0.19701006E-09    12    0.22862838E-08
      14   -0.77505017E-11    13   -0.11807478E-08
      15    0.99033772E-12    14   -0.50131737E-11
      16    0.26458136E-13    15    0.58497780E-11
      17   -0.37785117E-14    16   -0.87488354E-14
      18   -0.69001679E-16    17   -0.22109356E-13
      19    0.11333610E-16    18    0.11961038E-15
      20    0.13940404E-18    19    0.65886674E-16
      21   -0.27454185E-19    20   -0.53973546E-18
      22   -0.21770120E-21    21   -0.15884582E-18
      23    0.54865732E-22    22    0.16258413E-20
      24    0.25382127E-24    23    0.31628095E-21
      25   -0.92041150E-25    24   -0.37251072E-23
      26   -0.19023912E-27    25   -0.52898497E-24
      27    0.13149599E-27    26    0.68607445E-26
      28    0.56556827E-32    27    0.75375851E-27
      29   -0.16195073E-30    28   -0.10484497E-28
      30    0.25675544E-33    29   -0.92609122E-30
      31    0.17375013E-33    30    0.13581163E-31
      32   -0.50652746E-36    31    0.99126178E-33
      33   -0.16385776E-36    32   -0.15149343E-34
      34    0.65798336E-39    33   -0.93267028E-36
      35    0.13691364E-39    34    0.14733229E-37
      36   -0.67587975E-42    35    0.77747436E-39
      37   -0.10207042E-42    36   -0.12619530E-40
      38    0.58337775E-45    37   -0.57820206E-42
      39    0.68316735E-46    38    0.96010727E-44
      40   -0.43589244E-48    39    0.38600770E-45
      41   -0.41280664E-49    40   -0.65356854E-47
      42    0.28703375E-51    41   -0.23261805E-48
      43    0.22632745E-52    42    0.40060098E-50
      44   -0.16862647E-54    43    0.12717239E-51
      45   -0.11310238E-55    44   -0.22233647E-53
      46    0.89189161E-58    45   -0.63359414E-55
      47    0.51730367E-59    46    0.11229210E-56
      48   -0.42777012E-61    47    0.28886092E-58
      49   -0.21736994E-62    48   -0.51840390E-60
      50    0.18714730E-64    49   -0.12096575E-61
      51    0.84205205E-66    50    0.21964540E-63
      52   -0.75058714E-68    51    0.46691075E-65
      53   -0.30168256E-69    52   -0.85724681E-67
      54    0.27716684E-71    53   -0.16664267E-68
      55    0.10025685E-72    54    0.30922703E-70
      56   -0.94592630E-75    55    0.55156564E-72
      57   -0.30989694E-76    56   -0.10341306E-73
      58    0.29938062E-78    57   -0.16976603E-75
      59    0.89322929E-80    58    0.32153907E-77
      60   -0.88139207E-82    59    0.48713251E-79
      61   -0.24064604E-83    60   -0.93195329E-81
      62    0.24204774E-85    61   -0.13062039E-82
      63    0.60732968E-87    62    0.25241570E-84
      64   -0.62161875E-89    63    0.32801923E-86
      65   -0.14387949E-90    64   -0.64030519E-88
      66    0.14964251E-92    65   -0.77304998E-90
      67    0.32058621E-94    66    0.15244990E-91
      68   -0.33840274E-96    67    0.17130715E-93
      69   -0.67306153E-98    68   -0.34134905E-95
      70    0.72033389-100    69   -0.35759545E-97
      71    0.13337515-101    70    0.72012880E-99
      72   -0.14460015-103    71    0.70436790-101
      73   -0.24986718-105    72   -0.14339091-102
      74    0.27422030-107    73   -0.13112884-104
      75    0.44322364-109    74    0.26992860-106
      76   -0.49208497-111    75    0.23107283-108
      77   -0.74549643-113    76   -0.48113560-110
      78    0.83687626-115    77   -0.38599045-112
      79    0.11906219-116    78    0.81323475-114
      80   -0.13508136-118    79    0.61203039-116
      81   -0.18078989-120    80   -0.13052652-117
      82    0.20722390-122    81   -0.92235730-120
      83    0.26132722-124    82    0.19919996-121
      84   -0.30252385-126    83    0.13227801-123
      85   -0.36001244-128    84   -0.28942217-125
      86    0.42081422-130    85   -0.18073585-127
      87    0.47321736-132    86    0.40081508-129
      88   -0.55839410-134    87    0.23553226-131
      89   -0.59412727-136    88   -0.52968647-133
      90    0.70761089-138    89   -0.29306506-135
      91    0.71321140-140    90    0.66869202-137
      92   -0.85725899-142    91    0.34851521-139
      93   -0.81941086-144    92   -0.80726155-141
      94    0.99387692-146    93   -0.39649676-143
      95    0.90185366-148    94    0.93284974-145
      96   -0.11037621-149    95    0.43193147-147
      97   -0.95172262-152    96   -0.10328285-148
      98    0.11752804-153    97   -0.45094795-151
      99    0.96382359-156    98    0.10966200-152
     100   -0.12009201-157    99    0.45158175-155
     101   -0.93746536-160   100   -0.11175617-156
 
           the a_i and b_i long range expansion coefficients for L = 0  
 
       i          a_i               b_i
       0   -0.35355339E+00    0.25000000E+00
       1   -0.53033009E+00   -0.37500000E+00
       2   -0.58925565E+00   -0.91666667E+00
       3   -0.61871843E+00   -0.14375000E+01
       4   -0.63639610E+00   -0.19500000E+01
       5   -0.64818122E+00   -0.24583333E+01
       6   -0.65659915E+00   -0.29642857E+01
       7   -0.66291261E+00   -0.34687500E+01
       8   -0.66782307E+00   -0.39722222E+01
       9   -0.67175144E+00   -0.44750000E+01
      10   -0.67496556E+00   -0.49772727E+01
      11   -0.67764400E+00   -0.54791667E+01
      12   -0.67991037E+00   -0.59807692E+01
      13   -0.68185297E+00   -0.64821429E+01
      14   -0.68353656E+00   -0.69833333E+01
      15   -0.68500969E+00   -0.74843750E+01
      16   -0.68630952E+00   -0.79852941E+01
      17   -0.68746493E+00   -0.84861111E+01
      18   -0.68849871E+00   -0.89868421E+01
      19   -0.68942911E+00   -0.94875000E+01
      20   -0.69027091E+00   -0.99880952E+01
      21   -0.69103617E+00   -0.10488636E+02
      22   -0.69173489E+00   -0.10989130E+02
      23   -0.69237539E+00   -0.11489583E+02
      24   -0.69296465E+00   -0.11990000E+02
      25   -0.69350857E+00   -0.12490385E+02
      26   -0.69401221E+00   -0.12990741E+02
      27   -0.69447987E+00   -0.13491071E+02
      28   -0.69491528E+00   -0.13991379E+02
      29   -0.69532167E+00   -0.14491667E+02
      30   -0.69570183E+00   -0.14991935E+02
      31   -0.69605824E+00   -0.15492188E+02
      32   -0.69639304E+00   -0.15992424E+02
      33   -0.69670815E+00   -0.16492647E+02
      34   -0.69700526E+00   -0.16992857E+02
      35   -0.69728585E+00   -0.17493056E+02
      36   -0.69755128E+00   -0.17993243E+02
      37   -0.69780274E+00   -0.18493421E+02
      38   -0.69804131E+00   -0.18993590E+02
      39   -0.69826795E+00   -0.19493750E+02
      40   -0.69848353E+00   -0.19993902E+02
      41   -0.69868884E+00   -0.20494048E+02
      42   -0.69888461E+00   -0.20994186E+02
      43   -0.69907148E+00   -0.21494318E+02
      44   -0.69925004E+00   -0.21994444E+02
      45   -0.69942084E+00   -0.22494565E+02
      46   -0.69958437E+00   -0.22994681E+02
      47   -0.69974109E+00   -0.23494792E+02
      48   -0.69989141E+00   -0.23994898E+02
      49   -0.70003571E+00   -0.24495000E+02
      50   -0.70017436E+00   -0.24995098E+02

     print_sigma_l = F print_long_range_coefficients = T
     print_convergence = F print_short_range_coefficients = T

     Series Expansion

                              Coulomb Functions at rho = 0.00070710678100                                     

       L        F              G             DF            DG             WRON

       0 0.14985439E-02 0.47471752E+00 0.21182009E+01 0.37016414E+01-0.10000000E+01

     Steeds Method

                              Coulomb Functions at rho = 7.07177491864700                                     

       L        F              G             DF            DG             WRON

       0 0.14222933E+00-0.94509190E+00-0.10338424E+01-0.16117605E+00-0.10000000E+01

     Steeds Method

                              Coulomb Functions at rho = 14.1428427305120                                     

       L        F              G             DF            DG             WRON

       0-0.87474930E+00-0.43401646E+00-0.45655287E+00 0.91666097E+00-0.10000000E+01

     Asymptotic Expansion
 -0.827595426807621       0.561325048013280     

                              Coulomb Functions at rho = 21.2139105423780                                     

       L        F              G             DF            DG             WRON

       0-0.80770354E+00 0.56204267E+00 0.57986329E+00 0.83457860E+00-0.10000000E+01

     Asymptotic Expansion
  1.648749680884709E-002  0.999864071986277     

                              Coulomb Functions at rho = 28.2849783542430                                     

       L        F              G             DF            DG             WRON

       0 0.25113730E-01 0.98756434E+00 0.10119484E+01-0.25318592E-01-0.10000000E+01

     Asymptotic Expansion
  0.820424761081920       0.571754502740183     

                              Coulomb Functions at rho = 35.3560461661090                                     

       L        F              G             DF            DG             WRON

       0 0.81644171E+00 0.56036689E+00 0.57168180E+00-0.83245190E+00-0.10000000E+01

     Asymptotic Expansion
  0.952893822973964      -0.303304075373319     

                              Coulomb Functions at rho = 42.4271139779740                                     

       L        F              G             DF            DG             WRON

       0 0.94331370E+00-0.30643508E+00-0.31131990E+00-0.95896059E+00-0.10000000E+01

     Asymptotic Expansion
  0.357655719742140      -0.933853514281406     

                              Coulomb Functions at rho = 49.4981817898400                                     

       L        F              G             DF            DG             WRON

       0 0.35042694E+00-0.92909478E+00-0.94222222E+00-0.35552703E+00-0.10000000E+01

     Asymptotic Expansion
 -0.493879595147627      -0.869530301655334     

                              Coulomb Functions at rho = 56.5692496017050                                     

       L        F              G             DF            DG             WRON

       0-0.49467739E+00-0.86198946E+00-0.87274938E+00 0.50072883E+00-0.10000000E+01

     Asymptotic Expansion
 -0.983286928027236      -0.182062673743854     

                              Coulomb Functions at rho = 63.6403174135700                                     

       L        F              G             DF            DG             WRON

       0-0.97860694E+00-0.17720204E+00-0.17924342E+00 0.98940408E+00-0.10000000E+01

     Asymptotic Expansion
 -0.778013264300159       0.628247849636599     

                              Coulomb Functions at rho = 70.7113852254360                                     

       L        F              G             DF            DG             WRON

       0-0.77194591E+00 0.62789179E+00 0.63408546E+00 0.77966985E+00-0.10000000E+01

     Asymptotic Expansion
 -3.621299570948725E-002  0.999344094364771     

                              Coulomb Functions at rho = 77.7824530373010                                     

       L        F              G             DF            DG             WRON

       0-0.32838615E-01 0.99496413E+00 0.10039658E+01 0.33192868E-01-0.10000000E+01

     Asymptotic Expansion
  0.726481190843134       0.687186349799777     

                              Coulomb Functions at rho = 84.8535208491670                                     

       L        F              G             DF            DG             WRON

       0 0.72550673E+00 0.68220965E+00 0.68790585E+00-0.73149424E+00-0.10000000E+01

     Asymptotic Expansion
  0.996229012892105      -8.676262946696696E-002

                              Coulomb Functions at rho = 91.9245886610320                                     

       L        F              G             DF            DG             WRON

       0 0.99219440E+00-0.89140838E-01-0.89782998E-01-0.99980071E+00-0.10000000E+01

     Asymptotic Expansion
  0.600111192356801      -0.799916593657176     

                              Coulomb Functions at rho = 98.9956564728980                                     

       L        F              G             DF            DG             WRON

       0 0.59596520E+00-0.79859793E+00-0.80426045E+00-0.60023516E+00-0.10000000E+01

     Asymptotic Expansion
 -0.191830933573625      -0.981427986621673     

                              Coulomb Functions at rho = 106.066724284763                                     

       L        F              G             DF            DG             WRON

       0-0.19350929E+00-0.97772887E+00-0.98423116E+00 0.19476470E+00-0.10000000E+01

     Asymptotic Expansion
 -0.855515293205176      -0.517777542089324     

                              Coulomb Functions at rho = 113.137792096629                                     

       L        F              G             DF            DG             WRON

       0-0.85400456E+00-0.51428054E+00-0.51750796E+00 0.85931125E+00-0.10000000E+01

     Asymptotic Expansion
 -0.959239056344668       0.282595882459371     

                              Coulomb Functions at rho = 120.208859908494                                     

       L        F              G             DF            DG             WRON

       0-0.95584868E+00 0.28376500E+00 0.28540614E+00 0.96146152E+00-0.10000000E+01

     Asymptotic Expansion
 -0.440358314445490       0.897822117626163     

                              Coulomb Functions at rho = 127.279927720360                                     

       L        F              G             DF            DG             WRON

       0-0.43737934E+00 0.89620858E+00 0.90116415E+00 0.43982177E+00-0.10000000E+01

     Asymptotic Expansion
  0.361723457805657       0.932285439161805     

                              Coulomb Functions at rho = 134.350995532225                                     

       L        F              G             DF            DG             WRON

       0 0.36251187E+00 0.92917348E+00 0.93405793E+00-0.36439676E+00-0.10000000E+01

     Asymptotic Expansion
  0.929946760234999       0.367694197844391     

                              Coulomb Functions at rho = 141.422063344091                                     

       L        F              G             DF            DG             WRON

       0 0.92828489E+00 0.36513628E+00 0.36697361E+00-0.93290824E+00-0.10000000E+01

     Asymptotic Expansion
  0.902242772774473      -0.431228453347215     

                              Coulomb Functions at rho = 148.493131155956                                     

       L        F              G             DF            DG             WRON

       0 0.89938007E+00-0.43172613E+00-0.43376276E+00-0.90365943E+00-0.10000000E+01

     Asymptotic Expansion
  0.299497053795911      -0.954097225007792     

                              Coulomb Functions at rho = 155.564198967822                                     

       L        F              G             DF            DG             WRON

       0 0.29728663E+00-0.95242117E+00-0.95673615E+00-0.29864863E+00-0.10000000E+01

     Asymptotic Expansion
 -0.492664552756827      -0.870219304805930     

                              Coulomb Functions at rho = 162.635266779687                                     

       L        F              G             DF            DG             WRON

       0-0.49293640E+00-0.86757947E+00-0.87134983E+00 0.49506342E+00-0.10000000E+01

     Asymptotic Expansion
 -0.971889015926550      -0.235439462965160     

                              Coulomb Functions at rho = 169.706334591553                                     

       L        F              G             DF            DG             WRON

       0-0.97022053E+00-0.23351959E+00-0.23450236E+00 0.97425180E+00-0.10000000E+01

     Asymptotic Expansion
 -0.836968021887424       0.547251797930214     

                              Coulomb Functions at rho = 176.777402403418                                     

       L        F              G             DF            DG             WRON

       0-0.83452770E+00 0.54734582E+00 0.54952143E+00 0.83786524E+00-0.10000000E+01

     Asymptotic Expansion
 -0.175194696839567       0.984533807545120     

                              Coulomb Functions at rho = 183.848470215284                                     

       L        F              G             DF            DG             WRON

       0-0.17352049E+00 0.98288687E+00 0.98665809E+00 0.17419679E+00-0.10000000E+01

     Asymptotic Expansion
  0.595963782876858       0.803011313431576     

                              Coulomb Functions at rho = 190.919538027149                                     

       L        F              G             DF            DG             WRON

       0 0.59591621E+00 0.80075007E+00 0.80371603E+00-0.59811149E+00-0.10000000E+01

     Asymptotic Expansion
  0.992959540121122       0.118454006612064     

                              Coulomb Functions at rho = 197.990605839014                                     

       L        F              G             DF            DG             WRON

       0 0.99134307E+00 0.11698957E+00 0.11741551E+00-0.99487618E+00-0.10000000E+01

     Asymptotic Expansion
  0.768717403118188      -0.639588581936255     

                              Coulomb Functions at rho = 205.061673650880                                     

       L        F              G             DF            DG             WRON

       0 0.76661743E+00-0.63942727E+00-0.64162197E+00-0.76926169E+00-0.10000000E+01

     Asymptotic Expansion
  6.493322387238519E-002 -0.997889611348639     

                              Coulomb Functions at rho = 212.132741462745                                     

       L        F              G             DF            DG             WRON

       0 0.63649413E-01-0.99630921E+00-0.99962418E+00-0.63868998E-01-0.10000000E+01

     Asymptotic Expansion
 -0.678772208453136      -0.734348887812634     

                              Coulomb Functions at rho = 219.203809274611                                     

       L        F              G             DF            DG             WRON

       0-0.67851888E+00-0.73239463E+00-0.73475832E+00 0.68069875E+00-0.10000000E+01

     Asymptotic Expansion
 -0.999896684638062      -1.437428432348521E-002

                              Coulomb Functions at rho = 226.274877086476                                     

       L        F              G             DF            DG             WRON

       0-0.99835571E+00-0.13247189E-01-0.13295372E-01 0.10014706E+01-0.10000000E+01

     Asymptotic Expansion
 -0.700094491622874       0.714050210278878     

                              Coulomb Functions at rho = 233.345944898342                                     

       L        F              G             DF            DG             WRON

       0-0.69827235E+00 0.71372204E+00 0.71587704E+00 0.70038972E+00-0.10000000E+01

     Asymptotic Expansion
  3.345561024945037E-002  0.999440204385854     

                              Coulomb Functions at rho = 240.417012710207                                     

       L        F              G             DF            DG             WRON

       0 0.34445833E-01 0.99794051E+00 0.10008715E+01-0.34540926E-01-0.10000000E+01

     Asymptotic Expansion
  0.745871045150179       0.666090372251829     

                              Coulomb Functions at rho = 247.488080522073                                     

       L        F              G             DF            DG             WRON

       0 0.74548177E+00 0.66438844E+00 0.66628825E+00-0.74760485E+00-0.10000000E+01

     Asymptotic Expansion
  0.996893144113585      -7.876585059104814E-002

                              Coulomb Functions at rho = 254.559148333938                                     

       L        F              G             DF            DG             WRON

       0 0.99543554E+00-0.79635818E-01-0.79851319E-01-0.99819721E+00-0.10000000E+01

     Asymptotic Expansion
  0.632434732541991      -0.774613651489915     

                              Coulomb Functions at rho = 261.630216145804                                     

       L        F              G             DF            DG             WRON

       0 0.63084252E+00-0.77417437E+00-0.77626065E+00-0.63254916E+00-0.10000000E+01

     Asymptotic Expansion
 -0.121744632831083      -0.992561456221641     

                              Coulomb Functions at rho = 268.701283957669                                     

       L        F              G             DF            DG             WRON

       0-0.12250838E+00-0.99114605E+00-0.99375147E+00 0.12282552E+00-0.10000000E+01

     Asymptotic Expansion
 -0.800600848050125      -0.599198032457902     

                              Coulomb Functions at rho = 275.772351769535                                     

       L        F              G             DF            DG             WRON

       0-0.80012059E+00-0.59770627E+00-0.59924058E+00 0.80216677E+00-0.10000000E+01

     Asymptotic Expansion
 -0.986698462829370       0.162561199091782     

                              Coulomb Functions at rho = 282.843419581400                                     

       L        F              G             DF            DG             WRON

       0-0.98532487E+00 0.16323068E+00 0.16363391E+00 0.98778581E+00-0.10000000E+01

     Asymptotic Expansion
 -0.566430245270327       0.824109687628411     

                              Coulomb Functions at rho = 289.914487393266                                     

       L        F              G             DF            DG             WRON

       0-0.56503073E+00 0.82359587E+00 0.82559982E+00 0.56641061E+00-0.10000000E+01

     Asymptotic Expansion
  0.201367953208800       0.979515669818762     

                              Coulomb Functions at rho = 296.985555205131                                     

       L        F              G             DF            DG             WRON

       0 0.20195341E+00 0.97818319E+00 0.98051022E+00-0.20242977E+00-0.10000000E+01

     Asymptotic Expansion
  0.845379553533486       0.534166088840844     

                              Coulomb Functions at rho = 304.056623016997                                     

       L        F              G             DF            DG             WRON

       0 0.84483832E+00 0.53285151E+00 0.53409247E+00-0.84679874E+00-0.10000000E+01

     Asymptotic Expansion
  0.971191006820793      -0.238302388301952     

                              Coulomb Functions at rho = 311.127690828862                                     

       L        F              G             DF            DG             WRON

       0 0.96989872E+00-0.23881265E+00-0.23935126E+00-0.97210139E+00-0.10000000E+01

     Asymptotic Expansion
  0.502428845523884      -0.864618560514136     

                              Coulomb Functions at rho = 318.198758640728                                     

       L        F              G             DF            DG             WRON

       0 0.50119269E+00-0.86405501E+00-0.86597125E+00-0.50230821E+00-0.10000000E+01

     Asymptotic Expansion
 -0.273488808462922      -0.961875185065885     

                              Coulomb Functions at rho = 325.269826452593                                     

       L        F              G             DF            DG             WRON

       0-0.27393155E+00-0.96062202E+00-0.96270896E+00 0.27452320E+00-0.10000000E+01

     Asymptotic Expansion
 -0.882008666183969      -0.471233183017045     

                              Coulomb Functions at rho = 332.340894264459                                     

       L        F              G             DF            DG             WRON

       0-0.88142708E+00-0.47006959E+00-0.47107148E+00 0.88329896E+00-0.10000000E+01

     Asymptotic Expansion
 -0.951696659098992       0.307039849302687     

                              Coulomb Functions at rho = 339.411962076324                                     

       L        F              G             DF            DG             WRON

       0-0.95048148E+00 0.30742175E+00 0.30805864E+00 0.95246051E+00-0.10000000E+01

     Asymptotic Expansion
 -0.440587258184154       0.897709790481183     

                              Coulomb Functions at rho = 346.483029888190                                     

       L        F              G             DF            DG             WRON

       0-0.43949099E+00 0.89711376E+00 0.89894144E+00 0.44038962E+00-0.10000000E+01

     Asymptotic Expansion
  0.339057812404704       0.940765539253717     

                              Coulomb Functions at rho = 353.554097700055                                     

       L        F              G             DF            DG             WRON

       0 0.33938473E+00 0.93958714E+00 0.94146538E+00-0.34006017E+00-0.10000000E+01

     Asymptotic Expansion
  0.911863163974436       0.410494299822215     

                              Coulomb Functions at rho = 360.625165511920                                     

       L        F              G             DF            DG             WRON

       0 0.91125572E+00 0.40946061E+00 0.41026515E+00-0.91303963E+00-0.10000000E+01

     Asymptotic Expansion
  0.929176706136171      -0.369635832643342     

                              Coulomb Functions at rho = 367.696233323786                                     

       L        F              G             DF            DG             WRON

       0 0.92803388E+00-0.36991293E+00-0.37062120E+00-0.92981780E+00-0.10000000E+01

     Asymptotic Expansion
  0.380953808515059      -0.924594070810467     

                              Coulomb Functions at rho = 374.767301135651                                     

       L        F              G             DF            DG             WRON

       0 0.37997841E+00-0.92397779E+00-0.92571854E+00-0.38069698E+00-0.10000000E+01

     Asymptotic Expansion
 -0.398858897952756      -0.917012311544350     

                              Coulomb Functions at rho = 381.838368947517                                     

       L        F              G             DF            DG             WRON

       0-0.39909074E+00-0.91590385E+00-0.91759936E+00 0.39982690E+00-0.10000000E+01

     Asymptotic Expansion
 -0.936014112149933      -0.351962472227043     

                              Coulomb Functions at rho = 388.909436759382                                     

       L        F              G             DF            DG             WRON

       0-0.93539118E+00-0.35104147E+00-0.35168133E+00 0.93708952E+00-0.10000000E+01

     Asymptotic Expansion
 -0.904343802865487       0.426804740155013     

                              Coulomb Functions at rho = 395.980504571248                                     

       L        F              G             DF            DG             WRON

       0-0.90326852E+00 0.42699538E+00 0.42775516E+00 0.90488101E+00-0.10000000E+01

     Asymptotic Expansion
 -0.323514868930643       0.946223086582011     

                              Coulomb Functions at rho = 403.051572383113                                     

       L        F              G             DF            DG             WRON

       0-0.32264474E+00 0.94559537E+00 0.94725215E+00 0.32321233E+00-0.10000000E+01

     Asymptotic Expansion
  0.453544613769481       0.891233573941586     

                              Coulomb Functions at rho = 410.122640194979                                     

       L        F              G             DF            DG             WRON

       0 0.45369765E+00 0.89019029E+00 0.89172472E+00-0.45447735E+00-0.10000000E+01

     Asymptotic Expansion
  0.955310562197229       0.295604008353091     

                              Coulomb Functions at rho = 417.193708006844                                     

       L        F              G             DF            DG             WRON

       0 0.95467966E+00 0.29478152E+00 0.29528265E+00-0.95629579E+00-0.10000000E+01
************************************************************************
