 mesa(1.2);5/30/91;unix.                                                        
     (c) 1990, the university of california.                                    
     P.W. Saxe, B.H. Lengsfield iii, R.L. Martin, M. Page and B. I. Schneider.  

     12-Jun-2015 06:45:33    
     National Institute of Standards and Technology; 2.3GHz I7 Dual mac-pro laptop(fe
 main files/memory:
     inp:   Eberlonium/TD_in_well                                                           
     out:   mesa.out                                                                        
     chk:   mesa.chk                                             dat:    /Users/bis/Sources/working_mesa_directory/mesa_w
     rwf:   tmp/mesa.rwf                                         rint:   /Users/bis/Sources/working_mesa_directory/mesa_w
     int:   tmp/mesa.int                                         tint:   /Users/bis/Sources/working_mesa_directory/mesa_w
     gint:  /Users/bis/Sources/working_mesa_directory/mesa_w     rdint:  /Users/bis/Sources/working_mesa_directory/mesa_w
     dint:  /Users/bis/Sources/working_mesa_directory/mesa_w     zint:   /Users/bis/Sources/working_mesa_directory/mesa_w
     ham:   /Users/bis/Sources/working_mesa_directory/mesa_w     moden:  /Users/bis/Sources/working_mesa_directory/mesa_w
     aoden: /Users/bis/Sources/working_mesa_directory/mesa_w     saoden: /Users/bis/Sources/working_mesa_directory/mesa_w
     gden:  /Users/bis/Sources/working_mesa_directory/mesa_w     fci:    /Users/bis/Sources/working_mesa_directory/mesa_w

     machine size:        200000000
 other working files:
     kohn:    /Users/bis/Sources/working_mesa_directory/mesa_w     kohndt: /Users/bis/Sources/working_mesa_directory/mesa_w
     grid:    /Users/bis/Sources/working_mesa_directory/mesa_w     orbs:   /Users/bis/Sources/working_mesa_directory/mesa_w
     vstat:   /Users/bis/Sources/working_mesa_directory/mesa_w     ylms:   /Users/bis/Sources/working_mesa_directory/mesa_w
     bessel:  /Users/bis/Sources/working_mesa_directory/mesa_w     knints: /Users/bis/Sources/working_mesa_directory/mesa_w
     tmat:    /Users/bis/Sources/working_mesa_directory/mesa_w     blktmat:/Users/bis/Sources/working_mesa_directory/mesa_w
     optint:  /Users/bis/Sources/working_mesa_directory/mesa_w     atomci: /Users/bis/Sources/working_mesa_directory/mesa_w
     fedvr:   /Users/bis/Sources/working_mesa_directory/mesa_w     bec:    /Users/bis/Sources/working_mesa_directory/mesa_w
     hconfig: /Users/bis/Sources/working_mesa_directory/mesa_w     rmtrx:  /Users/bis/Sources/working_mesa_directory/mesa_w
     tdse:    /Users/bis/Sources/working_mesa_directory/mesa_w
          buflen      =       2048 maxcor      =  500000000 maxsmall    =        200
          maxbig      =        800 maxnbfkohn  =        300 maxprimkohn =        500
          maxchan     =         20 maxltop     =         10 maxlmtop    =         40
     user defined maxsiz: 200000000
 title:
     Testing  Code   
 route:
     2//75;
     20//1;
 options:


     Opening Time Dependent file = /Users/bis/Sources/working_mesa_directory/mesa_working/mesa_run_mac/tmp/tdse


********************************************************************************

                              Method = imaginary_time_so               

          left boundary =    0.00000 right boundary =    1.00000

          number of spatial points =     99 get_eigenvectors = T


********************************************************************************
 
                Elapsed Time for eigenvalues=    8.5830688E-05
 
                Found             1  Eigenvalues
 
      4.934396342684
 
            Elapsed Time for eigenvectors=    2.0980835E-05


********************************************************************************

          time step =    0.00001
          Print_Solution       =   F
          Print_Propagators    =   F
          Print_Scaled_Vectors =   F

********************************************************************************

                     Beginning SO Imaginary Time Propagation

********************************************************************************
           The expectation of the Hamiltonian =     4.934396342684509     
    Time Step =             1
           The expectation of the Hamiltonian =     4.934396346668123     

********************************************************************************
          The Converged Energy =     4.934396346668123     

********************************************************************************
 Time elapsed:    1.2803078E-04 seconds
                Calculation Finished
 summary:
     link   entries               charges          core use       
                          cpu       sys      io         
        1         1       0.0       0.0       0.0         0
      275         1       0.0       0.0       0.0         0
             total:       0.0       0.0       0.01606410992
