This is TeX, Version 3.14159 (Web2c 7.0) (format=latex 97.7.11)  25 SEP 2001 10:47
**timdvr
(timdvr.tex
LaTeX2e <1996/12/01>
(/usr/local/texmf/tex/latex/base/article.cls
Document Class: article 1996/10/31 v1.3u Standard LaTeX document class
(/usr/local/texmf/tex/latex/base/size10.clo
File: size10.clo 1996/10/31 v1.3u Standard LaTeX file (size option)
)
\c@part=\count79
\c@section=\count80
\c@subsection=\count81
\c@subsubsection=\count82
\c@paragraph=\count83
\c@subparagraph=\count84
\c@figure=\count85
\c@table=\count86
\abovecaptionskip=\skip41
\belowcaptionskip=\skip42
\bibindent=\dimen102
)
(/usr/local/texmf/tex/latex/graphics/graphicx.sty
Package: graphicx 1999/02/16 v1.0f Enhanced LaTeX Graphics (DPC,SPQR)

(/usr/local/texmf/tex/latex/graphics/keyval.sty
Package: keyval 1999/03/16 v1.13 key=value parser (DPC)
\KV@toks@=\toks14
)
(/usr/local/texmf/tex/latex/graphics/graphics.sty
Package: graphics 1999/02/16 v1.0l Standard LaTeX Graphics (DPC,SPQR)

(/usr/local/texmf/tex/latex/graphics/trig.sty
Package: trig 1999/03/16 v1.09 sin cos tan (DPC)
)
(/usr/local/texmf/tex/latex/config/graphics.cfg)
Package graphics Info: Driver file: dvips.def on input line 80.

(/usr/local/texmf/tex/latex/graphics/dvips.def
File: dvips.def 1999/02/16 v3.0i Driver-dependant file (DPC,SPQR)
))
\Gin@req@height=\dimen103
\Gin@req@width=\dimen104
) (timdvr.aux)
\openout1 = `timdvr.aux'.

LaTeX Font Info:    Checking defaults for OML/cmm/m/it on input line 9.
LaTeX Font Info:    ... okay on input line 9.
LaTeX Font Info:    Checking defaults for T1/cmr/m/n on input line 9.
LaTeX Font Info:    ... okay on input line 9.
LaTeX Font Info:    Checking defaults for OT1/cmr/m/n on input line 9.
LaTeX Font Info:    ... okay on input line 9.
LaTeX Font Info:    Checking defaults for OMS/cmsy/m/n on input line 9.
LaTeX Font Info:    ... okay on input line 9.
LaTeX Font Info:    Checking defaults for OMX/cmex/m/n on input line 9.
LaTeX Font Info:    ... okay on input line 9.
LaTeX Font Info:    Checking defaults for U/cmr/m/n on input line 9.
LaTeX Font Info:    ... okay on input line 9.
LaTeX Font Info:    External font `cmex10' loaded for size
(Font)              <12> on input line 10.
LaTeX Font Info:    External font `cmex10' loaded for size
(Font)              <8> on input line 10.
LaTeX Font Info:    External font `cmex10' loaded for size
(Font)              <6> on input line 10.
LaTeX Font Info:    External font `cmex10' loaded for size
(Font)              <7> on input line 28.
LaTeX Font Info:    External font `cmex10' loaded for size
(Font)              <5> on input line 28.
 [1

]
Overfull \hbox (6.74693pt too wide) in paragraph at lines 222--222
[]      \OT1/cmtt/m/n/10 dimension nwham(mgr,4), nwpot(mgr,4), ng(mgr,4), nphyg
(mgr,4)[] 
 []


Overfull \hbox (27.74675pt too wide) in paragraph at lines 222--222
[]      \OT1/cmtt/m/n/10 call iosys ('read character "print flag" from rwf',-1,
0,0,prtflg)[] 
 []


Overfull \hbox (6.74693pt too wide) in paragraph at lines 222--222
[]\OT1/cmtt/m/n/10 c         set spatial dimensionality of problem and program 
options[] 
 []

[2]
Overfull \hbox (11.99689pt too wide) in paragraph at lines 222--222
[]      \OT1/cmtt/m/n/10 itsolv=logkey(ops,'iterative-linear-system-solve',.fal
se.,' ')[] 
 []


Overfull \hbox (11.99689pt too wide) in paragraph at lines 222--222
[]\OT1/cmtt/m/n/10 c     the spatial part of the hamiltonian and associated qua
ntities.[] 
 []


Overfull \hbox (32.9967pt too wide) in paragraph at lines 222--222
[]         \OT1/cmtt/m/n/10 call basis(ops,cpass,card,i,phamil(1,i),edge,ngrds(
i),coord(i),[] 
 []


Overfull \hbox (6.74693pt too wide) in paragraph at lines 222--222
[]     \OT1/cmtt/m/n/10 1              key(i),typpot(i),ng(1,i),nphyg(1,i),nwha
m(1,i),[] 
 []


Overfull \hbox (6.74693pt too wide) in paragraph at lines 222--222
[]             \OT1/cmtt/m/n/10 call lindat(card,cpass,cnverg,thresh,eps,precon
,nblck,[] 
 []

[3]
Overfull \hbox (22.4968pt too wide) in paragraph at lines 222--222
[]         \OT1/cmtt/m/n/10 call basis(ops,cpass,card,dim,pham(dim),edge(tim),n
grds(dim),[] 
 []


Overfull \hbox (6.74693pt too wide) in paragraph at lines 222--222
[]\OT1/cmtt/m/n/10 c        the procedures to be used depend on whether we are 
solving[] 
 []


Overfull \hbox (22.4968pt too wide) in paragraph at lines 222--222
[]\OT1/cmtt/m/n/10 c        a linear or non-linear set of equations.  for the l
inear case[] 
 []


Overfull \hbox (17.24684pt too wide) in paragraph at lines 222--222
[]\OT1/cmtt/m/n/10 c        one only needs to solve the set of equations once. 
 this may[] 
 []


Overfull \hbox (27.74675pt too wide) in paragraph at lines 222--222
[]\OT1/cmtt/m/n/10 c        appears appropriate to use an iterative approach wh
ich updates[] 
 []

[4]
Overfull \hbox (6.74693pt too wide) in paragraph at lines 222--222
[] \OT1/cmtt/m/n/10 2    format(/,15x,'calculation = solve time-dependent schro
dinger'[] 
 []

[5] (timdvr.aux) ) 
Here is how much of TeX's memory you used:
 530 strings out of 10980
 5696 string characters out of 73771
 53029 words of memory out of 263001
 3424 multiletter control sequences out of 10000+0
 7770 words of font info for 28 fonts, out of 100000 for 500
 14 hyphenation exceptions out of 1000
 25i,6n,19p,211b,297s stack positions out of 300i,100n,500p,3000b,4000s

Output written on timdvr.dvi (5 pages, 8852 bytes).
