This is TeX, Version 3.14159 (Web2c 7.0) (format=latex 97.7.11)  1 NOV 2001 09:30
**so3d
(so3d.tex
LaTeX2e <1996/12/01>
(/usr/local/texmf/tex/latex/base/article.cls
Document Class: article 1996/10/31 v1.3u Standard LaTeX document class
(/usr/local/texmf/tex/latex/base/size10.clo
File: size10.clo 1996/10/31 v1.3u Standard LaTeX file (size option)
)
\c@part=\count79
\c@section=\count80
\c@subsection=\count81
\c@subsubsection=\count82
\c@paragraph=\count83
\c@subparagraph=\count84
\c@figure=\count85
\c@table=\count86
\abovecaptionskip=\skip41
\belowcaptionskip=\skip42
\bibindent=\dimen102
)
(/usr/local/texmf/tex/latex/graphics/graphicx.sty
Package: graphicx 1999/02/16 v1.0f Enhanced LaTeX Graphics (DPC,SPQR)

(/usr/local/texmf/tex/latex/graphics/keyval.sty
Package: keyval 1999/03/16 v1.13 key=value parser (DPC)
\KV@toks@=\toks14
)
(/usr/local/texmf/tex/latex/graphics/graphics.sty
Package: graphics 1999/02/16 v1.0l Standard LaTeX Graphics (DPC,SPQR)

(/usr/local/texmf/tex/latex/graphics/trig.sty
Package: trig 1999/03/16 v1.09 sin cos tan (DPC)
)
(/usr/local/texmf/tex/latex/config/graphics.cfg)
Package graphics Info: Driver file: dvips.def on input line 80.

(/usr/local/texmf/tex/latex/graphics/dvips.def
File: dvips.def 1999/02/16 v3.0i Driver-dependant file (DPC,SPQR)
))
\Gin@req@height=\dimen103
\Gin@req@width=\dimen104
) (so3d.aux)
\openout1 = `so3d.aux'.

LaTeX Font Info:    Checking defaults for OML/cmm/m/it on input line 9.
LaTeX Font Info:    ... okay on input line 9.
LaTeX Font Info:    Checking defaults for T1/cmr/m/n on input line 9.
LaTeX Font Info:    ... okay on input line 9.
LaTeX Font Info:    Checking defaults for OT1/cmr/m/n on input line 9.
LaTeX Font Info:    ... okay on input line 9.
LaTeX Font Info:    Checking defaults for OMS/cmsy/m/n on input line 9.
LaTeX Font Info:    ... okay on input line 9.
LaTeX Font Info:    Checking defaults for OMX/cmex/m/n on input line 9.
LaTeX Font Info:    ... okay on input line 9.
LaTeX Font Info:    Checking defaults for U/cmr/m/n on input line 9.
LaTeX Font Info:    ... okay on input line 9.
LaTeX Font Info:    External font `cmex10' loaded for size
(Font)              <12> on input line 10.
LaTeX Font Info:    External font `cmex10' loaded for size
(Font)              <8> on input line 10.
LaTeX Font Info:    External font `cmex10' loaded for size
(Font)              <6> on input line 10.

Overfull \hbox (17.24684pt too wide) in paragraph at lines 52--52
[]\OT1/cmtt/m/n/10 c***                   using split operator with finite diff
erence or[] 
 []

[1

]
LaTeX Font Info:    External font `cmex10' loaded for size
(Font)              <7> on input line 54.
LaTeX Font Info:    External font `cmex10' loaded for size
(Font)              <5> on input line 54.

Overfull \hbox (11.99689pt too wide) in paragraph at lines 89--89
[]     \OT1/cmtt/m/n/10 1              q(i),qwt(i),pq(i),dpq(i),nphy(i),prn,typ
ke,spac)[] 
 []

[2]
Overfull \hbox (32.9967pt too wide) in paragraph at lines 121--121
[]      \OT1/cmtt/m/n/10 call iosys('create real wavefunction on plot',ntreg*2*
n3d,0,0,' ')[] 
 []


Overfull \hbox (11.99689pt too wide) in paragraph at lines 148--148
[]         \OT1/cmtt/m/n/10 call pert(y(v),vt,edge(1),ham1(q(1)),ham2(q(2)),ham
3(q(3)),[] 
 []


Overfull \hbox (11.99689pt too wide) in paragraph at lines 158--158
[]     \OT1/cmtt/m/n/10 1              y(driver),y(psi0),y(v),n3d,nphy(1),spdim
,prn(4))[] 
 []

[3] [4] (so3d.aux) ) 
Here is how much of TeX's memory you used:
 530 strings out of 10980
 5686 string characters out of 73771
 53027 words of memory out of 263001
 3424 multiletter control sequences out of 10000+0
 7770 words of font info for 28 fonts, out of 100000 for 500
 14 hyphenation exceptions out of 1000
 25i,10n,19p,209b,298s stack positions out of 300i,100n,500p,3000b,4000s

Output written on so3d.dvi (4 pages, 6632 bytes).
