This is TeX, Version 3.14159 (Web2c 7.0) (format=latex 97.7.11)  22 APR 2002 12:39
**hcoll
(hcoll.tex
LaTeX2e <1996/12/01>
(/usr/local/texmf/tex/latex/base/article.cls
Document Class: article 1996/10/31 v1.3u Standard LaTeX document class
(/usr/local/texmf/tex/latex/base/size10.clo
File: size10.clo 1996/10/31 v1.3u Standard LaTeX file (size option)
)
\c@part=\count79
\c@section=\count80
\c@subsection=\count81
\c@subsubsection=\count82
\c@paragraph=\count83
\c@subparagraph=\count84
\c@figure=\count85
\c@table=\count86
\abovecaptionskip=\skip41
\belowcaptionskip=\skip42
\bibindent=\dimen102
)
(/usr/local/texmf/tex/latex/graphics/graphicx.sty
Package: graphicx 1999/02/16 v1.0f Enhanced LaTeX Graphics (DPC,SPQR)

(/usr/local/texmf/tex/latex/graphics/keyval.sty
Package: keyval 1999/03/16 v1.13 key=value parser (DPC)
\KV@toks@=\toks14
)
(/usr/local/texmf/tex/latex/graphics/graphics.sty
Package: graphics 1999/02/16 v1.0l Standard LaTeX Graphics (DPC,SPQR)

(/usr/local/texmf/tex/latex/graphics/trig.sty
Package: trig 1999/03/16 v1.09 sin cos tan (DPC)
)
(/usr/local/texmf/tex/latex/config/graphics.cfg)
Package graphics Info: Driver file: dvips.def on input line 80.

(/usr/local/texmf/tex/latex/graphics/dvips.def
File: dvips.def 1999/02/16 v3.0i Driver-dependant file (DPC,SPQR)
))
\Gin@req@height=\dimen103
\Gin@req@width=\dimen104
) (hcoll.aux)
\openout1 = `hcoll.aux'.

LaTeX Font Info:    Checking defaults for OML/cmm/m/it on input line 9.
LaTeX Font Info:    ... okay on input line 9.
LaTeX Font Info:    Checking defaults for T1/cmr/m/n on input line 9.
LaTeX Font Info:    ... okay on input line 9.
LaTeX Font Info:    Checking defaults for OT1/cmr/m/n on input line 9.
LaTeX Font Info:    ... okay on input line 9.
LaTeX Font Info:    Checking defaults for OMS/cmsy/m/n on input line 9.
LaTeX Font Info:    ... okay on input line 9.
LaTeX Font Info:    Checking defaults for OMX/cmex/m/n on input line 9.
LaTeX Font Info:    ... okay on input line 9.
LaTeX Font Info:    Checking defaults for U/cmr/m/n on input line 9.
LaTeX Font Info:    ... okay on input line 9.
LaTeX Font Info:    External font `cmex10' loaded for size
(Font)              <12> on input line 10.
LaTeX Font Info:    External font `cmex10' loaded for size
(Font)              <8> on input line 10.
LaTeX Font Info:    External font `cmex10' loaded for size
(Font)              <6> on input line 10.
 [1

] [2]
LaTeX Font Info:    External font `cmex10' loaded for size
(Font)              <7> on input line 111.
LaTeX Font Info:    External font `cmex10' loaded for size
(Font)              <5> on input line 111.

Overfull \hbox (27.74675pt too wide) in paragraph at lines 119--119
[]            \OT1/cmtt/m/n/10 call exnonit(g(psi_00),g(r),g(psi_1s),g(r_k),g(r
_k),g(i_k),[] 
 []


Overfull \hbox (6.74693pt too wide) in paragraph at lines 119--119
[]     \OT1/cmtt/m/n/10 1                   g(v_loc),g(k_hat),g(u_hat),g(vpsi_1
s),stp,[] 
 []


Overfull \hbox (1.49698pt too wide) in paragraph at lines 133--133
[]            \OT1/cmtt/m/n/10 call exnonit(g(psi_1),g(r),g(psi_1s),g(driver),g
(r_k),[] 
 []


Overfull \hbox (11.99689pt too wide) in paragraph at lines 148--148
[]                  \OT1/cmtt/m/n/10 call drv(g(driver),g(vlam),g(r_k),g(i_k),s
tp,npts)[] 
 []


Overfull \hbox (1.49698pt too wide) in paragraph at lines 148--148
[]                  \OT1/cmtt/m/n/10 call exnonit(g(psilam),g(r),g(psi_1s),g(dr
iver),[] 
 []


Overfull \hbox (11.99689pt too wide) in paragraph at lines 148--148
[]     \OT1/cmtt/m/n/10 2                         g(u_hat),g(vpsi_1s),stp,psi_i
nt(int),[] 
 []

[3]
Overfull \hbox (32.9967pt too wide) in paragraph at lines 156--156
[]            \OT1/cmtt/m/n/10 call fulsol(g(psi_0),g(psi_1s),g(vpsi_1s),g(v_la
m),g(e_lam),[] 
 []

[4] (hcoll.aux) ) 
Here is how much of TeX's memory you used:
 523 strings out of 10980
 5620 string characters out of 73771
 53025 words of memory out of 263001
 3420 multiletter control sequences out of 10000+0
 6843 words of font info for 25 fonts, out of 100000 for 500
 14 hyphenation exceptions out of 1000
 25i,6n,19p,210b,298s stack positions out of 300i,100n,500p,3000b,4000s

Output written on hcoll.dvi (4 pages, 5632 bytes).
