************************************************************************
                         Solve Second Order DE
************************************************************************

                    axis = x                       

                    generating dvr representation in space
 
 
                    Automated Selection of Steps   

 block =   1
               polynomial order     =  100
               number of subregions =    1
               left hand boundary   =  0.00000000E+00
               right hand boundary  =  0.50000000E+02

 number of fixed points = 2
               left point fixed       = T
               right point fixed      = T
               left point dropped     = T
               right point dropped    = F

      size of the physical basis set =   100

          Diagonalize Full Hamiltonian

          Diagonalize Kinetic Energy Hamiltonian

 Number of Dimensions   =  1 Spatial discretization = FEDVR   
 Number of Points       =        100

 potential type = coulomb                         
************************************************************************
                         Results: R_Matrix Radius =  0.50000000E+02  Angular Momentum =   1
eigenvalues                                                                     
 col          1
        -0.12500000
        -0.05555556
        -0.03128690
        -0.02109266
        -0.01097578
         0.00610556
         0.02829466
         0.05505877
         0.08618828
         0.12156793
         0.16112572
         0.20481328
         0.25259642
         0.30445004
         0.36035513
         0.42029695
         0.48426379
         0.55224619
         0.62423640
         0.70022798
         0.78021549
         0.86419433
         0.95216052
         1.04411065
         1.14004173
         1.23995114
         1.34383655
         1.45169593
         1.56352743
         1.67932941
         1.79910039
         1.92283905
         2.05054416
         2.18221463
         2.31784945
         2.45744771
         2.60100855
         2.74853120
         2.90001495
         3.05545913
         3.21486313
         3.37822638
         3.54554836
         3.71682856
         3.89206654
         4.07126186
         4.25441411
         4.44152293
         4.63258795
         4.82760885
         5.02658531
         5.22951704
         5.43640376
         5.64724516
         5.86204133
         6.08078928
         6.30350467
         6.53008497
         6.76097344
         6.99396285
         7.23605936
         7.46197224
         7.73460743
         7.93302201
         8.30262388
         8.52082559
         9.02233394
         9.28129031
         9.92654844
        10.23015447
        11.05317976
        11.40730747
        12.46213697
        12.87564018
        14.24189282
        14.72721910
        16.52293413
        17.09742822
        19.50188352
        20.19008815
        23.48474859
        24.32241903
        28.96784134
        30.00925950
        36.79857612
        38.13084101
        48.52031500
        50.29402992
        67.18716169
        69.69120357
        99.54947135
       103.42763101
       163.02962358
       170.08570641
       314.48029453
       332.07756951
       831.09594529
       920.06458599
      4904.38915312
      8269.94645039
 
           the a_i and b_i long range expansion coefficients for L = 1  
 
       i          a_i               b_i
       0   -0.35355339E+01    0.26000000E+02
       1   -0.53033009E+01    0.12500000E+02
       2   -0.58925565E+01    0.76666667E+01
       3   -0.61871843E+01    0.50000000E+01
       4   -0.63639610E+01    0.32000000E+01
       5   -0.64818122E+01    0.18333333E+01
       6   -0.65659915E+01    0.71428571E+00
       7   -0.66291261E+01   -0.25000000E+00
       8   -0.66782307E+01   -0.11111111E+01
       9   -0.67175144E+01   -0.19000000E+01
      10   -0.67496556E+01   -0.26363636E+01
      11   -0.67764400E+01   -0.33333333E+01
      12   -0.67991037E+01   -0.40000000E+01
      13   -0.68185297E+01   -0.46428571E+01
      14   -0.68353656E+01   -0.52666667E+01
      15   -0.68500969E+01   -0.58750000E+01
      16   -0.68630952E+01   -0.64705882E+01
      17   -0.68746493E+01   -0.70555556E+01
      18   -0.68849871E+01   -0.76315789E+01
      19   -0.68942911E+01   -0.82000000E+01
      20   -0.69027091E+01   -0.87619048E+01
      21   -0.69103617E+01   -0.93181818E+01
      22   -0.69173489E+01   -0.98695652E+01
      23   -0.69237539E+01   -0.10416667E+02
      24   -0.69296465E+01   -0.10960000E+02
      25   -0.69350857E+01   -0.11500000E+02
      26   -0.69401221E+01   -0.12037037E+02
      27   -0.69447987E+01   -0.12571429E+02
      28   -0.69491528E+01   -0.13103448E+02
      29   -0.69532167E+01   -0.13633333E+02
      30   -0.69570183E+01   -0.14161290E+02
      31   -0.69605824E+01   -0.14687500E+02
      32   -0.69639304E+01   -0.15212121E+02
      33   -0.69670815E+01   -0.15735294E+02
      34   -0.69700526E+01   -0.16257143E+02
      35   -0.69728585E+01   -0.16777778E+02
      36   -0.69755128E+01   -0.17297297E+02
      37   -0.69780274E+01   -0.17815789E+02
      38   -0.69804131E+01   -0.18333333E+02
      39   -0.69826795E+01   -0.18850000E+02
      40   -0.69848353E+01   -0.19365854E+02
      41   -0.69868884E+01   -0.19880952E+02
      42   -0.69888461E+01   -0.20395349E+02
      43   -0.69907148E+01   -0.20909091E+02
      44   -0.69925004E+01   -0.21422222E+02
      45   -0.69942084E+01   -0.21934783E+02
      46   -0.69958437E+01   -0.22446809E+02
      47   -0.69974109E+01   -0.22958333E+02
      48   -0.69989141E+01   -0.23469388E+02
      49   -0.70003571E+01   -0.23980000E+02
      50   -0.70017436E+01   -0.24490196E+02
      51   -0.70030768E+01   -0.25000000E+02
      52   -0.70043596E+01   -0.25509434E+02
      53   -0.70055950E+01   -0.26018519E+02
      54   -0.70067854E+01   -0.26527273E+02
      55   -0.70079333E+01   -0.27035714E+02
      56   -0.70090409E+01   -0.27543860E+02
      57   -0.70101103E+01   -0.28051724E+02
      58   -0.70111435E+01   -0.28559322E+02
      59   -0.70121422E+01   -0.29066667E+02
      60   -0.70131082E+01   -0.29573770E+02
      61   -0.70140431E+01   -0.30080645E+02
      62   -0.70149482E+01   -0.30587302E+02
      63   -0.70158251E+01   -0.31093750E+02
      64   -0.70166750E+01   -0.31600000E+02
      65   -0.70174991E+01   -0.32106061E+02
      66   -0.70182986E+01   -0.32611940E+02
      67   -0.70190747E+01   -0.33117647E+02
      68   -0.70198282E+01   -0.33623188E+02
      69   -0.70205602E+01   -0.34128571E+02
      70   -0.70212716E+01   -0.34633803E+02
      71   -0.70219632E+01   -0.35138889E+02
      72   -0.70226358E+01   -0.35643836E+02
      73   -0.70232903E+01   -0.36148649E+02
      74   -0.70239274E+01   -0.36653333E+02
      75   -0.70245476E+01   -0.37157895E+02
      76   -0.70251518E+01   -0.37662338E+02
      77   -0.70257405E+01   -0.38166667E+02
      78   -0.70263142E+01   -0.38670886E+02
      79   -0.70268736E+01   -0.39175000E+02
      80   -0.70274192E+01   -0.39679012E+02
      81   -0.70279515E+01   -0.40182927E+02
      82   -0.70284710E+01   -0.40686747E+02
      83   -0.70289781E+01   -0.41190476E+02
      84   -0.70294733E+01   -0.41694118E+02
      85   -0.70299570E+01   -0.42197674E+02
      86   -0.70304295E+01   -0.42701149E+02
      87   -0.70308913E+01   -0.43204545E+02
      88   -0.70313427E+01   -0.43707865E+02
      89   -0.70317841E+01   -0.44211111E+02
      90   -0.70322158E+01   -0.44714286E+02
      91   -0.70326381E+01   -0.45217391E+02
      92   -0.70330513E+01   -0.45720430E+02
      93   -0.70334557E+01   -0.46223404E+02
      94   -0.70338517E+01   -0.46726316E+02
      95   -0.70342393E+01   -0.47229167E+02
      96   -0.70346190E+01   -0.47731959E+02
      97   -0.70349909E+01   -0.48234694E+02
      98   -0.70353553E+01   -0.48737374E+02
      99   -0.70357125E+01   -0.49240000E+02
     100   -0.70360625E+01   -0.49742574E+02

     coulomb phase shift -0.26807486E+01

 asymptotic expansion for L = 1   converged in          101  terms

          Regular Function   = -0.12645763E+51  Derivative of Regular Function   =  0.22431201E+52
          Irregular Function =  0.21608560E+51  Derivative of Irregular Function = -0.28323554E+52
          Wronskian = -0.12653300+102

          Charge   = -0.10000000E+01
          Energy   =  0.10000000E-01
          R Matrix = -0.59049254E+01
          Analytic Value of Phase Shift   = -0.26807486E+01
          Calculated Value of Phase Shift =  0.11433109E+01
 
           the a_i and b_i long range expansion coefficients for L = 1  
 
       i          a_i               b_i
       0   -0.11180340E+01    0.35000000E+01
       1   -0.16770510E+01    0.12500000E+01
       2   -0.18633900E+01    0.16666667E+00
       3   -0.19565595E+01   -0.62500000E+00
       4   -0.20124612E+01   -0.13000000E+01
       5   -0.20497290E+01   -0.19166667E+01
       6   -0.20763488E+01   -0.25000000E+01
       7   -0.20963137E+01   -0.30625000E+01
       8   -0.21118420E+01   -0.36111111E+01
       9   -0.21242646E+01   -0.41500000E+01
      10   -0.21344285E+01   -0.46818182E+01
      11   -0.21428985E+01   -0.52083333E+01
      12   -0.21500654E+01   -0.57307692E+01
      13   -0.21562084E+01   -0.62500000E+01
      14   -0.21615324E+01   -0.67666667E+01
      15   -0.21661909E+01   -0.72812500E+01
      16   -0.21703013E+01   -0.77941176E+01
      17   -0.21739550E+01   -0.83055556E+01
      18   -0.21772241E+01   -0.88157895E+01
      19   -0.21801663E+01   -0.93250000E+01
      20   -0.21828283E+01   -0.98333333E+01
      21   -0.21852483E+01   -0.10340909E+02
      22   -0.21874578E+01   -0.10847826E+02
      23   -0.21894832E+01   -0.11354167E+02
      24   -0.21913466E+01   -0.11860000E+02
      25   -0.21930667E+01   -0.12365385E+02
      26   -0.21946593E+01   -0.12870370E+02
      27   -0.21961382E+01   -0.13375000E+02
      28   -0.21975151E+01   -0.13879310E+02
      29   -0.21988002E+01   -0.14383333E+02
      30   -0.22000024E+01   -0.14887097E+02
      31   -0.22011294E+01   -0.15390625E+02
      32   -0.22021882E+01   -0.15893939E+02
      33   -0.22031846E+01   -0.16397059E+02
      34   -0.22041241E+01   -0.16900000E+02
      35   -0.22050115E+01   -0.17402778E+02
      36   -0.22058508E+01   -0.17905405E+02
      37   -0.22066460E+01   -0.18407895E+02
      38   -0.22074004E+01   -0.18910256E+02
      39   -0.22081171E+01   -0.19412500E+02
      40   -0.22087989E+01   -0.19914634E+02
      41   -0.22094481E+01   -0.20416667E+02
      42   -0.22100672E+01   -0.20918605E+02
      43   -0.22106581E+01   -0.21420455E+02
      44   -0.22112228E+01   -0.21922222E+02
      45   -0.22117629E+01   -0.22423913E+02
      46   -0.22122800E+01   -0.22925532E+02
      47   -0.22127756E+01   -0.23427083E+02
      48   -0.22132510E+01   -0.23928571E+02
      49   -0.22137073E+01   -0.24430000E+02
      50   -0.22141457E+01   -0.24931373E+02
      51   -0.22145673E+01   -0.25432692E+02
      52   -0.22149730E+01   -0.25933962E+02
      53   -0.22153636E+01   -0.26435185E+02
      54   -0.22157401E+01   -0.26936364E+02
      55   -0.22161031E+01   -0.27437500E+02
      56   -0.22164533E+01   -0.27938596E+02
      57   -0.22167915E+01   -0.28439655E+02
      58   -0.22171182E+01   -0.28940678E+02
      59   -0.22174341E+01   -0.29441667E+02
      60   -0.22177396E+01   -0.29942623E+02
      61   -0.22180352E+01   -0.30443548E+02
      62   -0.22183214E+01   -0.30944444E+02
      63   -0.22185987E+01   -0.31445312E+02
      64   -0.22188675E+01   -0.31946154E+02
      65   -0.22191281E+01   -0.32446970E+02
      66   -0.22193809E+01   -0.32947761E+02
      67   -0.22196263E+01   -0.33448529E+02
      68   -0.22198646E+01   -0.33949275E+02
      69   -0.22200961E+01   -0.34450000E+02
      70   -0.22203210E+01   -0.34950704E+02
      71   -0.22205397E+01   -0.35451389E+02
      72   -0.22207524E+01   -0.35952055E+02
      73   -0.22209594E+01   -0.36452703E+02
      74   -0.22211609E+01   -0.36953333E+02
      75   -0.22213570E+01   -0.37453947E+02
      76   -0.22215481E+01   -0.37954545E+02
      77   -0.22217342E+01   -0.38455128E+02
      78   -0.22219156E+01   -0.38955696E+02
      79   -0.22220926E+01   -0.39456250E+02
      80   -0.22222651E+01   -0.39956790E+02
      81   -0.22224334E+01   -0.40457317E+02
      82   -0.22225977E+01   -0.40957831E+02
      83   -0.22227580E+01   -0.41458333E+02
      84   -0.22229146E+01   -0.41958824E+02
      85   -0.22230676E+01   -0.42459302E+02
      86   -0.22232170E+01   -0.42959770E+02
      87   -0.22233630E+01   -0.43460227E+02
      88   -0.22235058E+01   -0.43960674E+02
      89   -0.22236454E+01   -0.44461111E+02
      90   -0.22237819E+01   -0.44961538E+02
      91   -0.22239154E+01   -0.45461957E+02
      92   -0.22240461E+01   -0.45962366E+02
      93   -0.22241740E+01   -0.46462766E+02
      94   -0.22242992E+01   -0.46963158E+02
      95   -0.22244218E+01   -0.47463542E+02
      96   -0.22245419E+01   -0.47963918E+02
      97   -0.22246595E+01   -0.48464286E+02
      98   -0.22247747E+01   -0.48964646E+02
      99   -0.22248876E+01   -0.49465000E+02
     100   -0.22249983E+01   -0.49965347E+02

     coulomb phase shift -0.14614648E+01

 asymptotic expansion for L = 1   converged in           20  terms

          Regular Function   =  0.28048065E+00  Derivative of Regular Function   = -0.99923549E+00
          Irregular Function = -0.91421034E+00  Derivative of Irregular Function = -0.30835845E+00
          Wronskian = -0.10000000E+01

          Charge   = -0.10000000E+01
          Energy   =  0.10000000E+00
          R Matrix = -0.62765365E+00
          Analytic Value of Phase Shift   = -0.14614648E+01
          Calculated Value of Phase Shift = -0.14614648E+01
 
           the a_i and b_i long range expansion coefficients for L = 1  
 
       i          a_i               b_i
       0   -0.50000000E+00    0.15000000E+01
       1   -0.75000000E+00    0.25000000E+00
       2   -0.83333333E+00   -0.50000000E+00
       3   -0.87500000E+00   -0.11250000E+01
       4   -0.90000000E+00   -0.17000000E+01
       5   -0.91666667E+00   -0.22500000E+01
       6   -0.92857143E+00   -0.27857143E+01
       7   -0.93750000E+00   -0.33125000E+01
       8   -0.94444444E+00   -0.38333333E+01
       9   -0.95000000E+00   -0.43500000E+01
      10   -0.95454545E+00   -0.48636364E+01
      11   -0.95833333E+00   -0.53750000E+01
      12   -0.96153846E+00   -0.58846154E+01
      13   -0.96428571E+00   -0.63928571E+01
      14   -0.96666667E+00   -0.69000000E+01
      15   -0.96875000E+00   -0.74062500E+01
      16   -0.97058824E+00   -0.79117647E+01
      17   -0.97222222E+00   -0.84166667E+01
      18   -0.97368421E+00   -0.89210526E+01
      19   -0.97500000E+00   -0.94250000E+01
      20   -0.97619048E+00   -0.99285714E+01
      21   -0.97727273E+00   -0.10431818E+02
      22   -0.97826087E+00   -0.10934783E+02
      23   -0.97916667E+00   -0.11437500E+02
      24   -0.98000000E+00   -0.11940000E+02
      25   -0.98076923E+00   -0.12442308E+02
      26   -0.98148148E+00   -0.12944444E+02
      27   -0.98214286E+00   -0.13446429E+02
      28   -0.98275862E+00   -0.13948276E+02
      29   -0.98333333E+00   -0.14450000E+02
      30   -0.98387097E+00   -0.14951613E+02
      31   -0.98437500E+00   -0.15453125E+02
      32   -0.98484848E+00   -0.15954545E+02
      33   -0.98529412E+00   -0.16455882E+02
      34   -0.98571429E+00   -0.16957143E+02
      35   -0.98611111E+00   -0.17458333E+02
      36   -0.98648649E+00   -0.17959459E+02
      37   -0.98684211E+00   -0.18460526E+02
      38   -0.98717949E+00   -0.18961538E+02
      39   -0.98750000E+00   -0.19462500E+02
      40   -0.98780488E+00   -0.19963415E+02
      41   -0.98809524E+00   -0.20464286E+02
      42   -0.98837209E+00   -0.20965116E+02
      43   -0.98863636E+00   -0.21465909E+02
      44   -0.98888889E+00   -0.21966667E+02
      45   -0.98913043E+00   -0.22467391E+02
      46   -0.98936170E+00   -0.22968085E+02
      47   -0.98958333E+00   -0.23468750E+02
      48   -0.98979592E+00   -0.23969388E+02
      49   -0.99000000E+00   -0.24470000E+02
      50   -0.99019608E+00   -0.24970588E+02
      51   -0.99038462E+00   -0.25471154E+02
      52   -0.99056604E+00   -0.25971698E+02
      53   -0.99074074E+00   -0.26472222E+02
      54   -0.99090909E+00   -0.26972727E+02
      55   -0.99107143E+00   -0.27473214E+02
      56   -0.99122807E+00   -0.27973684E+02
      57   -0.99137931E+00   -0.28474138E+02
      58   -0.99152542E+00   -0.28974576E+02
      59   -0.99166667E+00   -0.29475000E+02
      60   -0.99180328E+00   -0.29975410E+02
      61   -0.99193548E+00   -0.30475806E+02
      62   -0.99206349E+00   -0.30976190E+02
      63   -0.99218750E+00   -0.31476562E+02
      64   -0.99230769E+00   -0.31976923E+02
      65   -0.99242424E+00   -0.32477273E+02
      66   -0.99253731E+00   -0.32977612E+02
      67   -0.99264706E+00   -0.33477941E+02
      68   -0.99275362E+00   -0.33978261E+02
      69   -0.99285714E+00   -0.34478571E+02
      70   -0.99295775E+00   -0.34978873E+02
      71   -0.99305556E+00   -0.35479167E+02
      72   -0.99315068E+00   -0.35979452E+02
      73   -0.99324324E+00   -0.36479730E+02
      74   -0.99333333E+00   -0.36980000E+02
      75   -0.99342105E+00   -0.37480263E+02
      76   -0.99350649E+00   -0.37980519E+02
      77   -0.99358974E+00   -0.38480769E+02
      78   -0.99367089E+00   -0.38981013E+02
      79   -0.99375000E+00   -0.39481250E+02
      80   -0.99382716E+00   -0.39981481E+02
      81   -0.99390244E+00   -0.40481707E+02
      82   -0.99397590E+00   -0.40981928E+02
      83   -0.99404762E+00   -0.41482143E+02
      84   -0.99411765E+00   -0.41982353E+02
      85   -0.99418605E+00   -0.42482558E+02
      86   -0.99425287E+00   -0.42982759E+02
      87   -0.99431818E+00   -0.43482955E+02
      88   -0.99438202E+00   -0.43983146E+02
      89   -0.99444444E+00   -0.44483333E+02
      90   -0.99450549E+00   -0.44983516E+02
      91   -0.99456522E+00   -0.45483696E+02
      92   -0.99462366E+00   -0.45983871E+02
      93   -0.99468085E+00   -0.46484043E+02
      94   -0.99473684E+00   -0.46984211E+02
      95   -0.99479167E+00   -0.47484375E+02
      96   -0.99484536E+00   -0.47984536E+02
      97   -0.99489796E+00   -0.48484694E+02
      98   -0.99494949E+00   -0.48984848E+02
      99   -0.99500000E+00   -0.49485000E+02
     100   -0.99504950E+00   -0.49985149E+02

     coulomb phase shift -0.48375784E+00

 asymptotic expansion for L = 1   converged in           10  terms

          Regular Function   =  0.72863737E+00  Derivative of Regular Function   = -0.68374241E+00
          Irregular Function = -0.67085688E+00  Derivative of Irregular Function = -0.74290274E+00
          Wronskian = -0.10000000E+01

          Charge   = -0.10000000E+01
          Energy   =  0.50000000E+00
          R Matrix = -0.10656606E+01
          Analytic Value of Phase Shift   = -0.48375784E+00
          Calculated Value of Phase Shift = -0.48375784E+00
 
           the a_i and b_i long range expansion coefficients for L = 1  
 
       i          a_i               b_i
       0   -0.35355339E+00    0.12500000E+01
       1   -0.53033009E+00    0.12500000E+00
       2   -0.58925565E+00   -0.58333333E+00
       3   -0.61871843E+00   -0.11875000E+01
       4   -0.63639610E+00   -0.17500000E+01
       5   -0.64818122E+00   -0.22916667E+01
       6   -0.65659915E+00   -0.28214286E+01
       7   -0.66291261E+00   -0.33437500E+01
       8   -0.66782307E+00   -0.38611111E+01
       9   -0.67175144E+00   -0.43750000E+01
      10   -0.67496556E+00   -0.48863636E+01
      11   -0.67764400E+00   -0.53958333E+01
      12   -0.67991037E+00   -0.59038462E+01
      13   -0.68185297E+00   -0.64107143E+01
      14   -0.68353656E+00   -0.69166667E+01
      15   -0.68500969E+00   -0.74218750E+01
      16   -0.68630952E+00   -0.79264706E+01
      17   -0.68746493E+00   -0.84305556E+01
      18   -0.68849871E+00   -0.89342105E+01
      19   -0.68942911E+00   -0.94375000E+01
      20   -0.69027091E+00   -0.99404762E+01
      21   -0.69103617E+00   -0.10443182E+02
      22   -0.69173489E+00   -0.10945652E+02
      23   -0.69237539E+00   -0.11447917E+02
      24   -0.69296465E+00   -0.11950000E+02
      25   -0.69350857E+00   -0.12451923E+02
      26   -0.69401221E+00   -0.12953704E+02
      27   -0.69447987E+00   -0.13455357E+02
      28   -0.69491528E+00   -0.13956897E+02
      29   -0.69532167E+00   -0.14458333E+02
      30   -0.69570183E+00   -0.14959677E+02
      31   -0.69605824E+00   -0.15460938E+02
      32   -0.69639304E+00   -0.15962121E+02
      33   -0.69670815E+00   -0.16463235E+02
      34   -0.69700526E+00   -0.16964286E+02
      35   -0.69728585E+00   -0.17465278E+02
      36   -0.69755128E+00   -0.17966216E+02
      37   -0.69780274E+00   -0.18467105E+02
      38   -0.69804131E+00   -0.18967949E+02
      39   -0.69826795E+00   -0.19468750E+02
      40   -0.69848353E+00   -0.19969512E+02
      41   -0.69868884E+00   -0.20470238E+02
      42   -0.69888461E+00   -0.20970930E+02
      43   -0.69907148E+00   -0.21471591E+02
      44   -0.69925004E+00   -0.21972222E+02
      45   -0.69942084E+00   -0.22472826E+02
      46   -0.69958437E+00   -0.22973404E+02
      47   -0.69974109E+00   -0.23473958E+02
      48   -0.69989141E+00   -0.23974490E+02
      49   -0.70003571E+00   -0.24475000E+02
      50   -0.70017436E+00   -0.24975490E+02
      51   -0.70030768E+00   -0.25475962E+02
      52   -0.70043596E+00   -0.25976415E+02
      53   -0.70055950E+00   -0.26476852E+02
      54   -0.70067854E+00   -0.26977273E+02
      55   -0.70079333E+00   -0.27477679E+02
      56   -0.70090409E+00   -0.27978070E+02
      57   -0.70101103E+00   -0.28478448E+02
      58   -0.70111435E+00   -0.28978814E+02
      59   -0.70121422E+00   -0.29479167E+02
      60   -0.70131082E+00   -0.29979508E+02
      61   -0.70140431E+00   -0.30479839E+02
      62   -0.70149482E+00   -0.30980159E+02
      63   -0.70158251E+00   -0.31480469E+02
      64   -0.70166750E+00   -0.31980769E+02
      65   -0.70174991E+00   -0.32481061E+02
      66   -0.70182986E+00   -0.32981343E+02
      67   -0.70190747E+00   -0.33481618E+02
      68   -0.70198282E+00   -0.33981884E+02
      69   -0.70205602E+00   -0.34482143E+02
      70   -0.70212716E+00   -0.34982394E+02
      71   -0.70219632E+00   -0.35482639E+02
      72   -0.70226358E+00   -0.35982877E+02
      73   -0.70232903E+00   -0.36483108E+02
      74   -0.70239274E+00   -0.36983333E+02
      75   -0.70245476E+00   -0.37483553E+02
      76   -0.70251518E+00   -0.37983766E+02
      77   -0.70257405E+00   -0.38483974E+02
      78   -0.70263142E+00   -0.38984177E+02
      79   -0.70268736E+00   -0.39484375E+02
      80   -0.70274192E+00   -0.39984568E+02
      81   -0.70279515E+00   -0.40484756E+02
      82   -0.70284710E+00   -0.40984940E+02
      83   -0.70289781E+00   -0.41485119E+02
      84   -0.70294733E+00   -0.41985294E+02
      85   -0.70299570E+00   -0.42485465E+02
      86   -0.70304295E+00   -0.42985632E+02
      87   -0.70308913E+00   -0.43485795E+02
      88   -0.70313427E+00   -0.43985955E+02
      89   -0.70317841E+00   -0.44486111E+02
      90   -0.70322158E+00   -0.44986264E+02
      91   -0.70326381E+00   -0.45486413E+02
      92   -0.70330513E+00   -0.45986559E+02
      93   -0.70334557E+00   -0.46486702E+02
      94   -0.70338517E+00   -0.46986842E+02
      95   -0.70342393E+00   -0.47486979E+02
      96   -0.70346190E+00   -0.47987113E+02
      97   -0.70349909E+00   -0.48487245E+02
      98   -0.70353553E+00   -0.48987374E+02
      99   -0.70357125E+00   -0.49487500E+02
     100   -0.70360625E+00   -0.49987624E+02

     coulomb phase shift -0.32155717E+00

 asymptotic expansion for L = 1   converged in            8  terms

          Regular Function   = -0.80250793E-01  Derivative of Regular Function   = -0.10015966E+01
          Irregular Function = -0.99191857E+00  Derivative of Irregular Function =  0.80967341E-01
          Wronskian = -0.10000000E+01

          Charge   = -0.10000000E+01
          Energy   =  0.10000000E+01
          R Matrix =  0.56655422E-01
          Analytic Value of Phase Shift   = -0.32155717E+00
          Calculated Value of Phase Shift = -0.32155717E+00
 
           the a_i and b_i long range expansion coefficients for L = 1  
 
       i          a_i               b_i
       0   -0.15811388E+00    0.10500000E+01
       1   -0.23717082E+00    0.25000000E-01
       2   -0.26352314E+00   -0.65000000E+00
       3   -0.27669930E+00   -0.12375000E+01
       4   -0.28460499E+00   -0.17900000E+01
       5   -0.28987545E+00   -0.23250000E+01
       6   -0.29364007E+00   -0.28500000E+01
       7   -0.29646353E+00   -0.33687500E+01
       8   -0.29865956E+00   -0.38833333E+01
       9   -0.30041638E+00   -0.43950000E+01
      10   -0.30185378E+00   -0.49045455E+01
      11   -0.30305161E+00   -0.54125000E+01
      12   -0.30406516E+00   -0.59192308E+01
      13   -0.30493392E+00   -0.64250000E+01
      14   -0.30568684E+00   -0.69300000E+01
      15   -0.30634565E+00   -0.74343750E+01
      16   -0.30692695E+00   -0.79382353E+01
      17   -0.30744366E+00   -0.84416667E+01
      18   -0.30790598E+00   -0.89447368E+01
      19   -0.30832207E+00   -0.94475000E+01
      20   -0.30869853E+00   -0.99500000E+01
      21   -0.30904077E+00   -0.10452273E+02
      22   -0.30935325E+00   -0.10954348E+02
      23   -0.30963969E+00   -0.11456250E+02
      24   -0.30990321E+00   -0.11958000E+02
      25   -0.31014646E+00   -0.12459615E+02
      26   -0.31037170E+00   -0.12961111E+02
      27   -0.31058084E+00   -0.13462500E+02
      28   -0.31077556E+00   -0.13963793E+02
      29   -0.31095730E+00   -0.14465000E+02
      30   -0.31112732E+00   -0.14966129E+02
      31   -0.31128671E+00   -0.15467187E+02
      32   -0.31143644E+00   -0.15968182E+02
      33   -0.31157736E+00   -0.16469118E+02
      34   -0.31171023E+00   -0.16970000E+02
      35   -0.31183571E+00   -0.17470833E+02
      36   -0.31195442E+00   -0.17971622E+02
      37   -0.31206687E+00   -0.18472368E+02
      38   -0.31217356E+00   -0.18973077E+02
      39   -0.31227492E+00   -0.19473750E+02
      40   -0.31237133E+00   -0.19974390E+02
      41   -0.31246315E+00   -0.20475000E+02
      42   -0.31255070E+00   -0.20975581E+02
      43   -0.31263427E+00   -0.21476136E+02
      44   -0.31271412E+00   -0.21976667E+02
      45   -0.31279051E+00   -0.22477174E+02
      46   -0.31286364E+00   -0.22977660E+02
      47   -0.31293373E+00   -0.23478125E+02
      48   -0.31300095E+00   -0.23978571E+02
      49   -0.31306549E+00   -0.24479000E+02
      50   -0.31312749E+00   -0.24979412E+02
      51   -0.31318711E+00   -0.25479808E+02
      52   -0.31324449E+00   -0.25980189E+02
      53   -0.31329973E+00   -0.26480556E+02
      54   -0.31335297E+00   -0.26980909E+02
      55   -0.31340430E+00   -0.27481250E+02
      56   -0.31345384E+00   -0.27981579E+02
      57   -0.31350166E+00   -0.28481897E+02
      58   -0.31354787E+00   -0.28982203E+02
      59   -0.31359253E+00   -0.29482500E+02
      60   -0.31363574E+00   -0.29982787E+02
      61   -0.31367754E+00   -0.30483065E+02
      62   -0.31371802E+00   -0.30983333E+02
      63   -0.31375724E+00   -0.31483594E+02
      64   -0.31379524E+00   -0.31983846E+02
      65   -0.31383210E+00   -0.32484091E+02
      66   -0.31386786E+00   -0.32984328E+02
      67   -0.31390256E+00   -0.33484559E+02
      68   -0.31393626E+00   -0.33984783E+02
      69   -0.31396900E+00   -0.34485000E+02
      70   -0.31400081E+00   -0.34985211E+02
      71   -0.31403174E+00   -0.35485417E+02
      72   -0.31406182E+00   -0.35985616E+02
      73   -0.31409109E+00   -0.36485811E+02
      74   -0.31411958E+00   -0.36986000E+02
      75   -0.31414732E+00   -0.37486184E+02
      76   -0.31417434E+00   -0.37986364E+02
      77   -0.31420066E+00   -0.38486538E+02
      78   -0.31422632E+00   -0.38986709E+02
      79   -0.31425134E+00   -0.39486875E+02
      80   -0.31427574E+00   -0.39987037E+02
      81   -0.31429955E+00   -0.40487195E+02
      82   -0.31432278E+00   -0.40987349E+02
      83   -0.31434546E+00   -0.41487500E+02
      84   -0.31436760E+00   -0.41987647E+02
      85   -0.31438923E+00   -0.42487791E+02
      86   -0.31441037E+00   -0.42987931E+02
      87   -0.31443102E+00   -0.43488068E+02
      88   -0.31445121E+00   -0.43988202E+02
      89   -0.31447095E+00   -0.44488333E+02
      90   -0.31449025E+00   -0.44988462E+02
      91   -0.31450914E+00   -0.45488587E+02
      92   -0.31452762E+00   -0.45988710E+02
      93   -0.31454570E+00   -0.46488830E+02
      94   -0.31456341E+00   -0.46988947E+02
      95   -0.31458075E+00   -0.47489062E+02
      96   -0.31459773E+00   -0.47989175E+02
      97   -0.31461436E+00   -0.48489286E+02
      98   -0.31463066E+00   -0.48989394E+02
      99   -0.31464663E+00   -0.49489500E+02
     100   -0.31466228E+00   -0.49989604E+02

     coulomb phase shift -0.13580303E+00

 asymptotic expansion for L = 1   converged in            6  terms

          Regular Function   =  0.91375596E+00  Derivative of Regular Function   =  0.40464752E+00
          Irregular Function =  0.40385124E+00  Derivative of Irregular Function = -0.91554270E+00
          Wronskian = -0.10000000E+01

          Charge   = -0.10000000E+01
          Energy   =  0.50000000E+01
          R Matrix =  0.71409063E+00
          Analytic Value of Phase Shift   = -0.13580303E+00
          Calculated Value of Phase Shift = -0.13580303E+00
 
           the a_i and b_i long range expansion coefficients for L = 1  
 
       i          a_i               b_i
       0   -0.11180340E+00    0.10250000E+01
       1   -0.16770510E+00    0.12500000E-01
       2   -0.18633900E+00   -0.65833333E+00
       3   -0.19565595E+00   -0.12437500E+01
       4   -0.20124612E+00   -0.17950000E+01
       5   -0.20497290E+00   -0.23291667E+01
       6   -0.20763488E+00   -0.28535714E+01
       7   -0.20963137E+00   -0.33718750E+01
       8   -0.21118420E+00   -0.38861111E+01
       9   -0.21242646E+00   -0.43975000E+01
      10   -0.21344285E+00   -0.49068182E+01
      11   -0.21428985E+00   -0.54145833E+01
      12   -0.21500654E+00   -0.59211538E+01
      13   -0.21562084E+00   -0.64267857E+01
      14   -0.21615324E+00   -0.69316667E+01
      15   -0.21661909E+00   -0.74359375E+01
      16   -0.21703013E+00   -0.79397059E+01
      17   -0.21739550E+00   -0.84430556E+01
      18   -0.21772241E+00   -0.89460526E+01
      19   -0.21801663E+00   -0.94487500E+01
      20   -0.21828283E+00   -0.99511905E+01
      21   -0.21852483E+00   -0.10453409E+02
      22   -0.21874578E+00   -0.10955435E+02
      23   -0.21894832E+00   -0.11457292E+02
      24   -0.21913466E+00   -0.11959000E+02
      25   -0.21930667E+00   -0.12460577E+02
      26   -0.21946593E+00   -0.12962037E+02
      27   -0.21961382E+00   -0.13463393E+02
      28   -0.21975151E+00   -0.13964655E+02
      29   -0.21988002E+00   -0.14465833E+02
      30   -0.22000024E+00   -0.14966935E+02
      31   -0.22011294E+00   -0.15467969E+02
      32   -0.22021882E+00   -0.15968939E+02
      33   -0.22031846E+00   -0.16469853E+02
      34   -0.22041241E+00   -0.16970714E+02
      35   -0.22050115E+00   -0.17471528E+02
      36   -0.22058508E+00   -0.17972297E+02
      37   -0.22066460E+00   -0.18473026E+02
      38   -0.22074004E+00   -0.18973718E+02
      39   -0.22081171E+00   -0.19474375E+02
      40   -0.22087989E+00   -0.19975000E+02
      41   -0.22094481E+00   -0.20475595E+02
      42   -0.22100672E+00   -0.20976163E+02
      43   -0.22106581E+00   -0.21476705E+02
      44   -0.22112228E+00   -0.21977222E+02
      45   -0.22117629E+00   -0.22477717E+02
      46   -0.22122800E+00   -0.22978191E+02
      47   -0.22127756E+00   -0.23478646E+02
      48   -0.22132510E+00   -0.23979082E+02
      49   -0.22137073E+00   -0.24479500E+02
      50   -0.22141457E+00   -0.24979902E+02
      51   -0.22145673E+00   -0.25480288E+02
      52   -0.22149730E+00   -0.25980660E+02
      53   -0.22153636E+00   -0.26481019E+02
      54   -0.22157401E+00   -0.26981364E+02
      55   -0.22161031E+00   -0.27481696E+02
      56   -0.22164533E+00   -0.27982018E+02
      57   -0.22167915E+00   -0.28482328E+02
      58   -0.22171182E+00   -0.28982627E+02
      59   -0.22174341E+00   -0.29482917E+02
      60   -0.22177396E+00   -0.29983197E+02
      61   -0.22180352E+00   -0.30483468E+02
      62   -0.22183214E+00   -0.30983730E+02
      63   -0.22185987E+00   -0.31483984E+02
      64   -0.22188675E+00   -0.31984231E+02
      65   -0.22191281E+00   -0.32484470E+02
      66   -0.22193809E+00   -0.32984701E+02
      67   -0.22196263E+00   -0.33484926E+02
      68   -0.22198646E+00   -0.33985145E+02
      69   -0.22200961E+00   -0.34485357E+02
      70   -0.22203210E+00   -0.34985563E+02
      71   -0.22205397E+00   -0.35485764E+02
      72   -0.22207524E+00   -0.35985959E+02
      73   -0.22209594E+00   -0.36486149E+02
      74   -0.22211609E+00   -0.36986333E+02
      75   -0.22213570E+00   -0.37486513E+02
      76   -0.22215481E+00   -0.37986688E+02
      77   -0.22217342E+00   -0.38486859E+02
      78   -0.22219156E+00   -0.38987025E+02
      79   -0.22220926E+00   -0.39487187E+02
      80   -0.22222651E+00   -0.39987346E+02
      81   -0.22224334E+00   -0.40487500E+02
      82   -0.22225977E+00   -0.40987651E+02
      83   -0.22227580E+00   -0.41487798E+02
      84   -0.22229146E+00   -0.41987941E+02
      85   -0.22230676E+00   -0.42488081E+02
      86   -0.22232170E+00   -0.42988218E+02
      87   -0.22233630E+00   -0.43488352E+02
      88   -0.22235058E+00   -0.43988483E+02
      89   -0.22236454E+00   -0.44488611E+02
      90   -0.22237819E+00   -0.44988736E+02
      91   -0.22239154E+00   -0.45488859E+02
      92   -0.22240461E+00   -0.45988978E+02
      93   -0.22241740E+00   -0.46489096E+02
      94   -0.22242992E+00   -0.46989211E+02
      95   -0.22244218E+00   -0.47489323E+02
      96   -0.22245419E+00   -0.47989433E+02
      97   -0.22246595E+00   -0.48489541E+02
      98   -0.22247747E+00   -0.48989646E+02
      99   -0.22248876E+00   -0.49489750E+02
     100   -0.22249983E+00   -0.49989851E+02

     coulomb phase shift -0.95286377E-01

 asymptotic expansion for L = 1   converged in            5  terms

          Regular Function   = -0.25395896E+00  Derivative of Regular Function   = -0.96765645E+00
          Irregular Function = -0.96670900E+00  Derivative of Irregular Function =  0.25420564E+00
          Wronskian = -0.10000000E+01

          Charge   = -0.10000000E+01
          Energy   =  0.10000000E+02
          R Matrix =  0.26323668E+00
          Analytic Value of Phase Shift   = -0.95286377E-01
          Calculated Value of Phase Shift =  0.51491889E+00
************************************************************************
